<?xml version="1.0" encoding="UTF-8"?>
<testsuites name="PHPUnit tests">
  <testsuite name="" tests="31" assertions="67" errors="15" failures="4" skipped="0" time="83.695727">
    <testsuite name="Tests\src\Columns\ColumnTest" file="tests/src/Columns/ColumnTest.php" tests="4" assertions="3" errors="3" failures="0" skipped="0" time="3.4115">
      <testcase name="it can render page" class="Tests\src\Columns\ColumnTest" classname="Tests.src.Columns.ColumnTest" file="tests/src/Columns/ColumnTest.php::it can render page" line="0" assertions="1" time="2.233474"/>
      <testcase name="it can render map column" class="Tests\src\Columns\ColumnTest" classname="Tests.src.Columns.ColumnTest" file="tests/src/Columns/ColumnTest.php::it can render map column" line="0" assertions="0" time="0.473643">
        <error type="Illuminate\View\ViewException">it can render map columnIlluminate\View\ViewException: Cheesegrits\FilamentGoogleMaps\Columns\MapColumn::getWidth(): Return value must be of type ?string, int returned (View: /home/toothless/Github/abdelhamiderrahmouni/filament-google-maps/vendor/filament/tables/resources/views/index.blade.php) (View: /home/toothless/Github/abdelhamiderrahmouni/filament-google-maps/vendor/filament/tables/resources/views/index.blade.php) (View: /home/toothless/Github/abdelhamiderrahmouni/filament-google-maps/vendor/filament/tables/resources/views/index.blade.php)
at src/Columns/MapColumn.php:108
at vendor/livewire/livewire/src/Mechanisms/ExtendBlade/ExtendedCompilerEngine.php:58
at vendor/livewire/livewire/src/Mechanisms/ExtendBlade/ExtendedCompilerEngine.php:40
at vendor/laravel/framework/src/Illuminate/View/Engines/CompilerEngine.php:72
at vendor/livewire/livewire/src/Mechanisms/ExtendBlade/ExtendedCompilerEngine.php:16
at vendor/laravel/framework/src/Illuminate/View/View.php:207
at vendor/laravel/framework/src/Illuminate/View/View.php:190
at vendor/laravel/framework/src/Illuminate/View/View.php:159
at vendor/livewire/livewire/src/Mechanisms/HandleComponents/HandleComponents.php:241
at vendor/livewire/livewire/src/Mechanisms/HandleComponents/HandleComponents.php:285
at vendor/livewire/livewire/src/Mechanisms/HandleComponents/HandleComponents.php:233
at vendor/livewire/livewire/src/Mechanisms/HandleComponents/HandleComponents.php:54
at vendor/livewire/livewire/src/LivewireManager.php:73
at vendor/orchestra/testbench-core/laravel/storage/framework/views/f24b679c3d0781269adf8f4b81037ebb.php:7
at vendor/laravel/framework/src/Illuminate/Filesystem/Filesystem.php:123
at vendor/laravel/framework/src/Illuminate/Filesystem/Filesystem.php:124
at vendor/laravel/framework/src/Illuminate/View/Engines/PhpEngine.php:58
at vendor/livewire/livewire/src/Mechanisms/ExtendBlade/ExtendedCompilerEngine.php:22
at vendor/laravel/framework/src/Illuminate/View/Engines/CompilerEngine.php:72
at vendor/livewire/livewire/src/Mechanisms/ExtendBlade/ExtendedCompilerEngine.php:10
at vendor/laravel/framework/src/Illuminate/View/View.php:207
at vendor/laravel/framework/src/Illuminate/View/View.php:190
at vendor/laravel/framework/src/Illuminate/View/View.php:159
at vendor/laravel/framework/src/Illuminate/View/Compilers/BladeCompiler.php:335
at vendor/laravel/framework/src/Illuminate/Support/Facades/Facade.php:355
at vendor/livewire/livewire/src/Features/SupportTesting/InitialRender.php:25
at vendor/laravel/framework/src/Illuminate/Routing/CallableDispatcher.php:40
at vendor/laravel/framework/src/Illuminate/Routing/Route.php:237
at vendor/laravel/framework/src/Illuminate/Routing/Route.php:208
at vendor/laravel/framework/src/Illuminate/Routing/Router.php:806
at vendor/laravel/framework/src/Illuminate/Pipeline/Pipeline.php:144
at vendor/laravel/framework/src/Illuminate/Pipeline/Pipeline.php:119
at vendor/laravel/framework/src/Illuminate/Routing/Router.php:805
at vendor/laravel/framework/src/Illuminate/Routing/Router.php:784
at vendor/laravel/framework/src/Illuminate/Routing/Router.php:748
at vendor/laravel/framework/src/Illuminate/Routing/Router.php:737
at vendor/laravel/framework/src/Illuminate/Foundation/Http/Kernel.php:200
at vendor/laravel/framework/src/Illuminate/Pipeline/Pipeline.php:144
at vendor/laravel/framework/src/Illuminate/Pipeline/Pipeline.php:119
at vendor/laravel/framework/src/Illuminate/Foundation/Http/Kernel.php:175
at vendor/laravel/framework/src/Illuminate/Foundation/Http/Kernel.php:144
at vendor/laravel/framework/src/Illuminate/Foundation/Testing/Concerns/MakesHttpRequests.php:585
at vendor/livewire/livewire/src/Features/SupportTesting/InitialRender.php:33
at vendor/livewire/livewire/src/Features/SupportTesting/RequestBroker.php:30
at vendor/livewire/livewire/src/Features/SupportTesting/InitialRender.php:32
at vendor/livewire/livewire/src/Features/SupportTesting/Render.php:24
at vendor/livewire/livewire/src/Features/SupportTesting/InitialRender.php:31
at vendor/livewire/livewire/src/Features/SupportTesting/InitialRender.php:17
at vendor/livewire/livewire/src/Features/SupportTesting/Testable.php:35
at vendor/livewire/livewire/src/LivewireManager.php:192
at vendor/laravel/framework/src/Illuminate/Support/Facades/Facade.php:355
at vendor/pestphp/pest-plugin-livewire/src/InteractsWithLivewire.php:17
at vendor/pestphp/pest-plugin-livewire/src/Autoload.php:20
at tests/src/Columns/ColumnTest.php:21
Caused by
Illuminate\View\ViewException: Cheesegrits\FilamentGoogleMaps\Columns\MapColumn::getWidth(): Return value must be of type ?string, int returned (View: /home/toothless/Github/abdelhamiderrahmouni/filament-google-maps/vendor/filament/tables/resources/views/index.blade.php) (View: /home/toothless/Github/abdelhamiderrahmouni/filament-google-maps/vendor/filament/tables/resources/views/index.blade.php)

at src/Columns/MapColumn.php:108
at vendor/livewire/livewire/src/Mechanisms/ExtendBlade/ExtendedCompilerEngine.php:58
at vendor/livewire/livewire/src/Mechanisms/ExtendBlade/ExtendedCompilerEngine.php:40
at vendor/laravel/framework/src/Illuminate/View/Engines/CompilerEngine.php:72
at vendor/livewire/livewire/src/Mechanisms/ExtendBlade/ExtendedCompilerEngine.php:16
at vendor/laravel/framework/src/Illuminate/View/View.php:207
at vendor/laravel/framework/src/Illuminate/View/View.php:190
at vendor/laravel/framework/src/Illuminate/View/View.php:159
at vendor/filament/support/src/Components/ViewComponent.php:106
at vendor/laravel/framework/src/Illuminate/Support/helpers.php:117
at vendor/orchestra/testbench-core/laravel/storage/framework/views/7c6952b3c36420c8c27fb559933a9a27.php:1
at vendor/livewire/livewire/src/Mechanisms/ExtendBlade/ExtendedCompilerEngine.php:37
at vendor/livewire/livewire/src/Mechanisms/ExtendBlade/ExtendedCompilerEngine.php:38
at vendor/laravel/framework/src/Illuminate/View/Engines/CompilerEngine.php:72
at vendor/livewire/livewire/src/Mechanisms/ExtendBlade/ExtendedCompilerEngine.php:16
at vendor/laravel/framework/src/Illuminate/View/View.php:207
at vendor/laravel/framework/src/Illuminate/View/View.php:190
at vendor/laravel/framework/src/Illuminate/View/View.php:159
at vendor/livewire/livewire/src/Mechanisms/HandleComponents/HandleComponents.php:241
at vendor/livewire/livewire/src/Mechanisms/HandleComponents/HandleComponents.php:285
at vendor/livewire/livewire/src/Mechanisms/HandleComponents/HandleComponents.php:233
at vendor/livewire/livewire/src/Mechanisms/HandleComponents/HandleComponents.php:54
at vendor/livewire/livewire/src/LivewireManager.php:73
at vendor/orchestra/testbench-core/laravel/storage/framework/views/f24b679c3d0781269adf8f4b81037ebb.php:7
at vendor/laravel/framework/src/Illuminate/Filesystem/Filesystem.php:123
at vendor/laravel/framework/src/Illuminate/Filesystem/Filesystem.php:124
at vendor/laravel/framework/src/Illuminate/View/Engines/PhpEngine.php:58
at vendor/livewire/livewire/src/Mechanisms/ExtendBlade/ExtendedCompilerEngine.php:22
at vendor/laravel/framework/src/Illuminate/View/Engines/CompilerEngine.php:72
at vendor/livewire/livewire/src/Mechanisms/ExtendBlade/ExtendedCompilerEngine.php:10
at vendor/laravel/framework/src/Illuminate/View/View.php:207
at vendor/laravel/framework/src/Illuminate/View/View.php:190
at vendor/laravel/framework/src/Illuminate/View/View.php:159
at vendor/laravel/framework/src/Illuminate/View/Compilers/BladeCompiler.php:335
at vendor/laravel/framework/src/Illuminate/Support/Facades/Facade.php:355
at vendor/livewire/livewire/src/Features/SupportTesting/InitialRender.php:25
at vendor/laravel/framework/src/Illuminate/Routing/CallableDispatcher.php:40
at vendor/laravel/framework/src/Illuminate/Routing/Route.php:237
at vendor/laravel/framework/src/Illuminate/Routing/Route.php:208
at vendor/laravel/framework/src/Illuminate/Routing/Router.php:806
at vendor/laravel/framework/src/Illuminate/Pipeline/Pipeline.php:144
at vendor/laravel/framework/src/Illuminate/Pipeline/Pipeline.php:119
at vendor/laravel/framework/src/Illuminate/Routing/Router.php:805
at vendor/laravel/framework/src/Illuminate/Routing/Router.php:784
at vendor/laravel/framework/src/Illuminate/Routing/Router.php:748
at vendor/laravel/framework/src/Illuminate/Routing/Router.php:737
at vendor/laravel/framework/src/Illuminate/Foundation/Http/Kernel.php:200
at vendor/laravel/framework/src/Illuminate/Pipeline/Pipeline.php:144
at vendor/laravel/framework/src/Illuminate/Pipeline/Pipeline.php:119
at vendor/laravel/framework/src/Illuminate/Foundation/Http/Kernel.php:175
at vendor/laravel/framework/src/Illuminate/Foundation/Http/Kernel.php:144
at vendor/laravel/framework/src/Illuminate/Foundation/Testing/Concerns/MakesHttpRequests.php:585
at vendor/livewire/livewire/src/Features/SupportTesting/InitialRender.php:33
at vendor/livewire/livewire/src/Features/SupportTesting/RequestBroker.php:30
at vendor/livewire/livewire/src/Features/SupportTesting/InitialRender.php:32
at vendor/livewire/livewire/src/Features/SupportTesting/Render.php:24
at vendor/livewire/livewire/src/Features/SupportTesting/InitialRender.php:31
at vendor/livewire/livewire/src/Features/SupportTesting/InitialRender.php:17
at vendor/livewire/livewire/src/Features/SupportTesting/Testable.php:35
at vendor/livewire/livewire/src/LivewireManager.php:192
at vendor/laravel/framework/src/Illuminate/Support/Facades/Facade.php:355
at vendor/pestphp/pest-plugin-livewire/src/InteractsWithLivewire.php:17
at vendor/pestphp/pest-plugin-livewire/src/Autoload.php:20
at tests/src/Columns/ColumnTest.php:21
Caused by
Illuminate\View\ViewException: Cheesegrits\FilamentGoogleMaps\Columns\MapColumn::getWidth(): Return value must be of type ?string, int returned (View: /home/toothless/Github/abdelhamiderrahmouni/filament-google-maps/vendor/filament/tables/resources/views/index.blade.php)

at src/Columns/MapColumn.php:108
at vendor/orchestra/testbench-core/laravel/storage/framework/views/c12ae401be86f0020f5798e487678a9d.php:1431
at vendor/livewire/livewire/src/Mechanisms/ExtendBlade/ExtendedCompilerEngine.php:37
at vendor/livewire/livewire/src/Mechanisms/ExtendBlade/ExtendedCompilerEngine.php:38
at vendor/laravel/framework/src/Illuminate/View/Engines/CompilerEngine.php:72
at vendor/livewire/livewire/src/Mechanisms/ExtendBlade/ExtendedCompilerEngine.php:16
at vendor/laravel/framework/src/Illuminate/View/View.php:207
at vendor/laravel/framework/src/Illuminate/View/View.php:190
at vendor/laravel/framework/src/Illuminate/View/View.php:159
at vendor/filament/support/src/Components/ViewComponent.php:106
at vendor/laravel/framework/src/Illuminate/Support/helpers.php:117
at vendor/orchestra/testbench-core/laravel/storage/framework/views/7c6952b3c36420c8c27fb559933a9a27.php:1
at vendor/livewire/livewire/src/Mechanisms/ExtendBlade/ExtendedCompilerEngine.php:37
at vendor/livewire/livewire/src/Mechanisms/ExtendBlade/ExtendedCompilerEngine.php:38
at vendor/laravel/framework/src/Illuminate/View/Engines/CompilerEngine.php:72
at vendor/livewire/livewire/src/Mechanisms/ExtendBlade/ExtendedCompilerEngine.php:16
at vendor/laravel/framework/src/Illuminate/View/View.php:207
at vendor/laravel/framework/src/Illuminate/View/View.php:190
at vendor/laravel/framework/src/Illuminate/View/View.php:159
at vendor/livewire/livewire/src/Mechanisms/HandleComponents/HandleComponents.php:241
at vendor/livewire/livewire/src/Mechanisms/HandleComponents/HandleComponents.php:285
at vendor/livewire/livewire/src/Mechanisms/HandleComponents/HandleComponents.php:233
at vendor/livewire/livewire/src/Mechanisms/HandleComponents/HandleComponents.php:54
at vendor/livewire/livewire/src/LivewireManager.php:73
at vendor/orchestra/testbench-core/laravel/storage/framework/views/f24b679c3d0781269adf8f4b81037ebb.php:7
at vendor/laravel/framework/src/Illuminate/Filesystem/Filesystem.php:123
at vendor/laravel/framework/src/Illuminate/Filesystem/Filesystem.php:124
at vendor/laravel/framework/src/Illuminate/View/Engines/PhpEngine.php:58
at vendor/livewire/livewire/src/Mechanisms/ExtendBlade/ExtendedCompilerEngine.php:22
at vendor/laravel/framework/src/Illuminate/View/Engines/CompilerEngine.php:72
at vendor/livewire/livewire/src/Mechanisms/ExtendBlade/ExtendedCompilerEngine.php:10
at vendor/laravel/framework/src/Illuminate/View/View.php:207
at vendor/laravel/framework/src/Illuminate/View/View.php:190
at vendor/laravel/framework/src/Illuminate/View/View.php:159
at vendor/laravel/framework/src/Illuminate/View/Compilers/BladeCompiler.php:335
at vendor/laravel/framework/src/Illuminate/Support/Facades/Facade.php:355
at vendor/livewire/livewire/src/Features/SupportTesting/InitialRender.php:25
at vendor/laravel/framework/src/Illuminate/Routing/CallableDispatcher.php:40
at vendor/laravel/framework/src/Illuminate/Routing/Route.php:237
at vendor/laravel/framework/src/Illuminate/Routing/Route.php:208
at vendor/laravel/framework/src/Illuminate/Routing/Router.php:806
at vendor/laravel/framework/src/Illuminate/Pipeline/Pipeline.php:144
at vendor/laravel/framework/src/Illuminate/Pipeline/Pipeline.php:119
at vendor/laravel/framework/src/Illuminate/Routing/Router.php:805
at vendor/laravel/framework/src/Illuminate/Routing/Router.php:784
at vendor/laravel/framework/src/Illuminate/Routing/Router.php:748
at vendor/laravel/framework/src/Illuminate/Routing/Router.php:737
at vendor/laravel/framework/src/Illuminate/Foundation/Http/Kernel.php:200
at vendor/laravel/framework/src/Illuminate/Pipeline/Pipeline.php:144
at vendor/laravel/framework/src/Illuminate/Pipeline/Pipeline.php:119
at vendor/laravel/framework/src/Illuminate/Foundation/Http/Kernel.php:175
at vendor/laravel/framework/src/Illuminate/Foundation/Http/Kernel.php:144
at vendor/laravel/framework/src/Illuminate/Foundation/Testing/Concerns/MakesHttpRequests.php:585
at vendor/livewire/livewire/src/Features/SupportTesting/InitialRender.php:33
at vendor/livewire/livewire/src/Features/SupportTesting/RequestBroker.php:30
at vendor/livewire/livewire/src/Features/SupportTesting/InitialRender.php:32
at vendor/livewire/livewire/src/Features/SupportTesting/Render.php:24
at vendor/livewire/livewire/src/Features/SupportTesting/InitialRender.php:31
at vendor/livewire/livewire/src/Features/SupportTesting/InitialRender.php:17
at vendor/livewire/livewire/src/Features/SupportTesting/Testable.php:35
at vendor/livewire/livewire/src/LivewireManager.php:192
at vendor/laravel/framework/src/Illuminate/Support/Facades/Facade.php:355
at vendor/pestphp/pest-plugin-livewire/src/InteractsWithLivewire.php:17
at vendor/pestphp/pest-plugin-livewire/src/Autoload.php:20
at tests/src/Columns/ColumnTest.php:21
Caused by
TypeError: Cheesegrits\FilamentGoogleMaps\Columns\MapColumn::getWidth(): Return value must be of type ?string, int returned

at src/Columns/MapColumn.php:108
at vendor/orchestra/testbench-core/laravel/storage/framework/views/c12ae401be86f0020f5798e487678a9d.php:1431
at vendor/livewire/livewire/src/Mechanisms/ExtendBlade/ExtendedCompilerEngine.php:37
at vendor/livewire/livewire/src/Mechanisms/ExtendBlade/ExtendedCompilerEngine.php:38
at vendor/laravel/framework/src/Illuminate/View/Engines/CompilerEngine.php:72
at vendor/livewire/livewire/src/Mechanisms/ExtendBlade/ExtendedCompilerEngine.php:16
at vendor/laravel/framework/src/Illuminate/View/View.php:207
at vendor/laravel/framework/src/Illuminate/View/View.php:190
at vendor/laravel/framework/src/Illuminate/View/View.php:159
at vendor/filament/support/src/Components/ViewComponent.php:106
at vendor/laravel/framework/src/Illuminate/Support/helpers.php:117
at vendor/orchestra/testbench-core/laravel/storage/framework/views/7c6952b3c36420c8c27fb559933a9a27.php:1
at vendor/livewire/livewire/src/Mechanisms/ExtendBlade/ExtendedCompilerEngine.php:37
at vendor/livewire/livewire/src/Mechanisms/ExtendBlade/ExtendedCompilerEngine.php:38
at vendor/laravel/framework/src/Illuminate/View/Engines/CompilerEngine.php:72
at vendor/livewire/livewire/src/Mechanisms/ExtendBlade/ExtendedCompilerEngine.php:16
at vendor/laravel/framework/src/Illuminate/View/View.php:207
at vendor/laravel/framework/src/Illuminate/View/View.php:190
at vendor/laravel/framework/src/Illuminate/View/View.php:159
at vendor/livewire/livewire/src/Mechanisms/HandleComponents/HandleComponents.php:241
at vendor/livewire/livewire/src/Mechanisms/HandleComponents/HandleComponents.php:285
at vendor/livewire/livewire/src/Mechanisms/HandleComponents/HandleComponents.php:233
at vendor/livewire/livewire/src/Mechanisms/HandleComponents/HandleComponents.php:54
at vendor/livewire/livewire/src/LivewireManager.php:73
at vendor/orchestra/testbench-core/laravel/storage/framework/views/f24b679c3d0781269adf8f4b81037ebb.php:7
at vendor/laravel/framework/src/Illuminate/Filesystem/Filesystem.php:123
at vendor/laravel/framework/src/Illuminate/Filesystem/Filesystem.php:124
at vendor/laravel/framework/src/Illuminate/View/Engines/PhpEngine.php:58
at vendor/livewire/livewire/src/Mechanisms/ExtendBlade/ExtendedCompilerEngine.php:22
at vendor/laravel/framework/src/Illuminate/View/Engines/CompilerEngine.php:72
at vendor/livewire/livewire/src/Mechanisms/ExtendBlade/ExtendedCompilerEngine.php:10
at vendor/laravel/framework/src/Illuminate/View/View.php:207
at vendor/laravel/framework/src/Illuminate/View/View.php:190
at vendor/laravel/framework/src/Illuminate/View/View.php:159
at vendor/laravel/framework/src/Illuminate/View/Compilers/BladeCompiler.php:335
at vendor/laravel/framework/src/Illuminate/Support/Facades/Facade.php:355
at vendor/livewire/livewire/src/Features/SupportTesting/InitialRender.php:25
at vendor/laravel/framework/src/Illuminate/Routing/CallableDispatcher.php:40
at vendor/laravel/framework/src/Illuminate/Routing/Route.php:237
at vendor/laravel/framework/src/Illuminate/Routing/Route.php:208
at vendor/laravel/framework/src/Illuminate/Routing/Router.php:806
at vendor/laravel/framework/src/Illuminate/Pipeline/Pipeline.php:144
at vendor/laravel/framework/src/Illuminate/Pipeline/Pipeline.php:119
at vendor/laravel/framework/src/Illuminate/Routing/Router.php:805
at vendor/laravel/framework/src/Illuminate/Routing/Router.php:784
at vendor/laravel/framework/src/Illuminate/Routing/Router.php:748
at vendor/laravel/framework/src/Illuminate/Routing/Router.php:737
at vendor/laravel/framework/src/Illuminate/Foundation/Http/Kernel.php:200
at vendor/laravel/framework/src/Illuminate/Pipeline/Pipeline.php:144
at vendor/laravel/framework/src/Illuminate/Pipeline/Pipeline.php:119
at vendor/laravel/framework/src/Illuminate/Foundation/Http/Kernel.php:175
at vendor/laravel/framework/src/Illuminate/Foundation/Http/Kernel.php:144
at vendor/laravel/framework/src/Illuminate/Foundation/Testing/Concerns/MakesHttpRequests.php:585
at vendor/livewire/livewire/src/Features/SupportTesting/InitialRender.php:33
at vendor/livewire/livewire/src/Features/SupportTesting/RequestBroker.php:30
at vendor/livewire/livewire/src/Features/SupportTesting/InitialRender.php:32
at vendor/livewire/livewire/src/Features/SupportTesting/Render.php:24
at vendor/livewire/livewire/src/Features/SupportTesting/InitialRender.php:31
at vendor/livewire/livewire/src/Features/SupportTesting/InitialRender.php:17
at vendor/livewire/livewire/src/Features/SupportTesting/Testable.php:35
at vendor/livewire/livewire/src/LivewireManager.php:192
at vendor/laravel/framework/src/Illuminate/Support/Facades/Facade.php:355
at vendor/pestphp/pest-plugin-livewire/src/InteractsWithLivewire.php:17
at vendor/pestphp/pest-plugin-livewire/src/Autoload.php:20
at tests/src/Columns/ColumnTest.php:21</error>
      </testcase>
      <testcase name="it can cache static map images" class="Tests\src\Columns\ColumnTest" classname="Tests.src.Columns.ColumnTest" file="tests/src/Columns/ColumnTest.php::it can cache static map images" line="0" assertions="1" time="0.376381">
        <error type="Illuminate\View\ViewException">it can cache static map imagesIlluminate\View\ViewException: Cheesegrits\FilamentGoogleMaps\Columns\MapColumn::getWidth(): Return value must be of type ?string, int returned (View: /home/toothless/Github/abdelhamiderrahmouni/filament-google-maps/vendor/filament/tables/resources/views/index.blade.php) (View: /home/toothless/Github/abdelhamiderrahmouni/filament-google-maps/vendor/filament/tables/resources/views/index.blade.php) (View: /home/toothless/Github/abdelhamiderrahmouni/filament-google-maps/vendor/filament/tables/resources/views/index.blade.php)
at src/Columns/MapColumn.php:108
at vendor/livewire/livewire/src/Mechanisms/ExtendBlade/ExtendedCompilerEngine.php:58
at vendor/livewire/livewire/src/Mechanisms/ExtendBlade/ExtendedCompilerEngine.php:40
at vendor/laravel/framework/src/Illuminate/View/Engines/CompilerEngine.php:72
at vendor/livewire/livewire/src/Mechanisms/ExtendBlade/ExtendedCompilerEngine.php:16
at vendor/laravel/framework/src/Illuminate/View/View.php:207
at vendor/laravel/framework/src/Illuminate/View/View.php:190
at vendor/laravel/framework/src/Illuminate/View/View.php:159
at vendor/livewire/livewire/src/Mechanisms/HandleComponents/HandleComponents.php:241
at vendor/livewire/livewire/src/Mechanisms/HandleComponents/HandleComponents.php:285
at vendor/livewire/livewire/src/Mechanisms/HandleComponents/HandleComponents.php:233
at vendor/livewire/livewire/src/Mechanisms/HandleComponents/HandleComponents.php:54
at vendor/livewire/livewire/src/LivewireManager.php:73
at vendor/orchestra/testbench-core/laravel/storage/framework/views/f24b679c3d0781269adf8f4b81037ebb.php:7
at vendor/livewire/livewire/src/Mechanisms/ExtendBlade/ExtendedCompilerEngine.php:37
at vendor/livewire/livewire/src/Mechanisms/ExtendBlade/ExtendedCompilerEngine.php:38
at vendor/laravel/framework/src/Illuminate/View/Engines/CompilerEngine.php:72
at vendor/livewire/livewire/src/Mechanisms/ExtendBlade/ExtendedCompilerEngine.php:16
at vendor/laravel/framework/src/Illuminate/View/View.php:207
at vendor/laravel/framework/src/Illuminate/View/View.php:190
at vendor/laravel/framework/src/Illuminate/View/View.php:159
at vendor/laravel/framework/src/Illuminate/View/Compilers/BladeCompiler.php:335
at vendor/laravel/framework/src/Illuminate/Support/Facades/Facade.php:355
at vendor/livewire/livewire/src/Features/SupportTesting/InitialRender.php:25
at vendor/laravel/framework/src/Illuminate/Routing/CallableDispatcher.php:40
at vendor/laravel/framework/src/Illuminate/Routing/Route.php:237
at vendor/laravel/framework/src/Illuminate/Routing/Route.php:208
at vendor/laravel/framework/src/Illuminate/Routing/Router.php:806
at vendor/laravel/framework/src/Illuminate/Pipeline/Pipeline.php:144
at vendor/laravel/framework/src/Illuminate/Pipeline/Pipeline.php:119
at vendor/laravel/framework/src/Illuminate/Routing/Router.php:805
at vendor/laravel/framework/src/Illuminate/Routing/Router.php:784
at vendor/laravel/framework/src/Illuminate/Routing/Router.php:748
at vendor/laravel/framework/src/Illuminate/Routing/Router.php:737
at vendor/laravel/framework/src/Illuminate/Foundation/Http/Kernel.php:200
at vendor/laravel/framework/src/Illuminate/Pipeline/Pipeline.php:144
at vendor/laravel/framework/src/Illuminate/Pipeline/Pipeline.php:119
at vendor/laravel/framework/src/Illuminate/Foundation/Http/Kernel.php:175
at vendor/laravel/framework/src/Illuminate/Foundation/Http/Kernel.php:144
at vendor/laravel/framework/src/Illuminate/Foundation/Testing/Concerns/MakesHttpRequests.php:585
at vendor/livewire/livewire/src/Features/SupportTesting/InitialRender.php:33
at vendor/livewire/livewire/src/Features/SupportTesting/RequestBroker.php:30
at vendor/livewire/livewire/src/Features/SupportTesting/InitialRender.php:32
at vendor/livewire/livewire/src/Features/SupportTesting/Render.php:24
at vendor/livewire/livewire/src/Features/SupportTesting/InitialRender.php:31
at vendor/livewire/livewire/src/Features/SupportTesting/InitialRender.php:17
at vendor/livewire/livewire/src/Features/SupportTesting/Testable.php:35
at vendor/livewire/livewire/src/LivewireManager.php:192
at vendor/laravel/framework/src/Illuminate/Support/Facades/Facade.php:355
at vendor/pestphp/pest-plugin-livewire/src/InteractsWithLivewire.php:17
at vendor/pestphp/pest-plugin-livewire/src/Autoload.php:20
at tests/src/Columns/ColumnTest.php:31
Caused by
Illuminate\View\ViewException: Cheesegrits\FilamentGoogleMaps\Columns\MapColumn::getWidth(): Return value must be of type ?string, int returned (View: /home/toothless/Github/abdelhamiderrahmouni/filament-google-maps/vendor/filament/tables/resources/views/index.blade.php) (View: /home/toothless/Github/abdelhamiderrahmouni/filament-google-maps/vendor/filament/tables/resources/views/index.blade.php)

at src/Columns/MapColumn.php:108
at vendor/livewire/livewire/src/Mechanisms/ExtendBlade/ExtendedCompilerEngine.php:58
at vendor/livewire/livewire/src/Mechanisms/ExtendBlade/ExtendedCompilerEngine.php:40
at vendor/laravel/framework/src/Illuminate/View/Engines/CompilerEngine.php:72
at vendor/livewire/livewire/src/Mechanisms/ExtendBlade/ExtendedCompilerEngine.php:16
at vendor/laravel/framework/src/Illuminate/View/View.php:207
at vendor/laravel/framework/src/Illuminate/View/View.php:190
at vendor/laravel/framework/src/Illuminate/View/View.php:159
at vendor/filament/support/src/Components/ViewComponent.php:106
at vendor/laravel/framework/src/Illuminate/Support/helpers.php:117
at vendor/orchestra/testbench-core/laravel/storage/framework/views/7c6952b3c36420c8c27fb559933a9a27.php:1
at vendor/livewire/livewire/src/Mechanisms/ExtendBlade/ExtendedCompilerEngine.php:37
at vendor/livewire/livewire/src/Mechanisms/ExtendBlade/ExtendedCompilerEngine.php:38
at vendor/laravel/framework/src/Illuminate/View/Engines/CompilerEngine.php:72
at vendor/livewire/livewire/src/Mechanisms/ExtendBlade/ExtendedCompilerEngine.php:16
at vendor/laravel/framework/src/Illuminate/View/View.php:207
at vendor/laravel/framework/src/Illuminate/View/View.php:190
at vendor/laravel/framework/src/Illuminate/View/View.php:159
at vendor/livewire/livewire/src/Mechanisms/HandleComponents/HandleComponents.php:241
at vendor/livewire/livewire/src/Mechanisms/HandleComponents/HandleComponents.php:285
at vendor/livewire/livewire/src/Mechanisms/HandleComponents/HandleComponents.php:233
at vendor/livewire/livewire/src/Mechanisms/HandleComponents/HandleComponents.php:54
at vendor/livewire/livewire/src/LivewireManager.php:73
at vendor/orchestra/testbench-core/laravel/storage/framework/views/f24b679c3d0781269adf8f4b81037ebb.php:7
at vendor/livewire/livewire/src/Mechanisms/ExtendBlade/ExtendedCompilerEngine.php:37
at vendor/livewire/livewire/src/Mechanisms/ExtendBlade/ExtendedCompilerEngine.php:38
at vendor/laravel/framework/src/Illuminate/View/Engines/CompilerEngine.php:72
at vendor/livewire/livewire/src/Mechanisms/ExtendBlade/ExtendedCompilerEngine.php:16
at vendor/laravel/framework/src/Illuminate/View/View.php:207
at vendor/laravel/framework/src/Illuminate/View/View.php:190
at vendor/laravel/framework/src/Illuminate/View/View.php:159
at vendor/laravel/framework/src/Illuminate/View/Compilers/BladeCompiler.php:335
at vendor/laravel/framework/src/Illuminate/Support/Facades/Facade.php:355
at vendor/livewire/livewire/src/Features/SupportTesting/InitialRender.php:25
at vendor/laravel/framework/src/Illuminate/Routing/CallableDispatcher.php:40
at vendor/laravel/framework/src/Illuminate/Routing/Route.php:237
at vendor/laravel/framework/src/Illuminate/Routing/Route.php:208
at vendor/laravel/framework/src/Illuminate/Routing/Router.php:806
at vendor/laravel/framework/src/Illuminate/Pipeline/Pipeline.php:144
at vendor/laravel/framework/src/Illuminate/Pipeline/Pipeline.php:119
at vendor/laravel/framework/src/Illuminate/Routing/Router.php:805
at vendor/laravel/framework/src/Illuminate/Routing/Router.php:784
at vendor/laravel/framework/src/Illuminate/Routing/Router.php:748
at vendor/laravel/framework/src/Illuminate/Routing/Router.php:737
at vendor/laravel/framework/src/Illuminate/Foundation/Http/Kernel.php:200
at vendor/laravel/framework/src/Illuminate/Pipeline/Pipeline.php:144
at vendor/laravel/framework/src/Illuminate/Pipeline/Pipeline.php:119
at vendor/laravel/framework/src/Illuminate/Foundation/Http/Kernel.php:175
at vendor/laravel/framework/src/Illuminate/Foundation/Http/Kernel.php:144
at vendor/laravel/framework/src/Illuminate/Foundation/Testing/Concerns/MakesHttpRequests.php:585
at vendor/livewire/livewire/src/Features/SupportTesting/InitialRender.php:33
at vendor/livewire/livewire/src/Features/SupportTesting/RequestBroker.php:30
at vendor/livewire/livewire/src/Features/SupportTesting/InitialRender.php:32
at vendor/livewire/livewire/src/Features/SupportTesting/Render.php:24
at vendor/livewire/livewire/src/Features/SupportTesting/InitialRender.php:31
at vendor/livewire/livewire/src/Features/SupportTesting/InitialRender.php:17
at vendor/livewire/livewire/src/Features/SupportTesting/Testable.php:35
at vendor/livewire/livewire/src/LivewireManager.php:192
at vendor/laravel/framework/src/Illuminate/Support/Facades/Facade.php:355
at vendor/pestphp/pest-plugin-livewire/src/InteractsWithLivewire.php:17
at vendor/pestphp/pest-plugin-livewire/src/Autoload.php:20
at tests/src/Columns/ColumnTest.php:31
Caused by
Illuminate\View\ViewException: Cheesegrits\FilamentGoogleMaps\Columns\MapColumn::getWidth(): Return value must be of type ?string, int returned (View: /home/toothless/Github/abdelhamiderrahmouni/filament-google-maps/vendor/filament/tables/resources/views/index.blade.php)

at src/Columns/MapColumn.php:108
at vendor/orchestra/testbench-core/laravel/storage/framework/views/c12ae401be86f0020f5798e487678a9d.php:1431
at vendor/livewire/livewire/src/Mechanisms/ExtendBlade/ExtendedCompilerEngine.php:37
at vendor/livewire/livewire/src/Mechanisms/ExtendBlade/ExtendedCompilerEngine.php:38
at vendor/laravel/framework/src/Illuminate/View/Engines/CompilerEngine.php:72
at vendor/livewire/livewire/src/Mechanisms/ExtendBlade/ExtendedCompilerEngine.php:16
at vendor/laravel/framework/src/Illuminate/View/View.php:207
at vendor/laravel/framework/src/Illuminate/View/View.php:190
at vendor/laravel/framework/src/Illuminate/View/View.php:159
at vendor/filament/support/src/Components/ViewComponent.php:106
at vendor/laravel/framework/src/Illuminate/Support/helpers.php:117
at vendor/orchestra/testbench-core/laravel/storage/framework/views/7c6952b3c36420c8c27fb559933a9a27.php:1
at vendor/livewire/livewire/src/Mechanisms/ExtendBlade/ExtendedCompilerEngine.php:37
at vendor/livewire/livewire/src/Mechanisms/ExtendBlade/ExtendedCompilerEngine.php:38
at vendor/laravel/framework/src/Illuminate/View/Engines/CompilerEngine.php:72
at vendor/livewire/livewire/src/Mechanisms/ExtendBlade/ExtendedCompilerEngine.php:16
at vendor/laravel/framework/src/Illuminate/View/View.php:207
at vendor/laravel/framework/src/Illuminate/View/View.php:190
at vendor/laravel/framework/src/Illuminate/View/View.php:159
at vendor/livewire/livewire/src/Mechanisms/HandleComponents/HandleComponents.php:241
at vendor/livewire/livewire/src/Mechanisms/HandleComponents/HandleComponents.php:285
at vendor/livewire/livewire/src/Mechanisms/HandleComponents/HandleComponents.php:233
at vendor/livewire/livewire/src/Mechanisms/HandleComponents/HandleComponents.php:54
at vendor/livewire/livewire/src/LivewireManager.php:73
at vendor/orchestra/testbench-core/laravel/storage/framework/views/f24b679c3d0781269adf8f4b81037ebb.php:7
at vendor/livewire/livewire/src/Mechanisms/ExtendBlade/ExtendedCompilerEngine.php:37
at vendor/livewire/livewire/src/Mechanisms/ExtendBlade/ExtendedCompilerEngine.php:38
at vendor/laravel/framework/src/Illuminate/View/Engines/CompilerEngine.php:72
at vendor/livewire/livewire/src/Mechanisms/ExtendBlade/ExtendedCompilerEngine.php:16
at vendor/laravel/framework/src/Illuminate/View/View.php:207
at vendor/laravel/framework/src/Illuminate/View/View.php:190
at vendor/laravel/framework/src/Illuminate/View/View.php:159
at vendor/laravel/framework/src/Illuminate/View/Compilers/BladeCompiler.php:335
at vendor/laravel/framework/src/Illuminate/Support/Facades/Facade.php:355
at vendor/livewire/livewire/src/Features/SupportTesting/InitialRender.php:25
at vendor/laravel/framework/src/Illuminate/Routing/CallableDispatcher.php:40
at vendor/laravel/framework/src/Illuminate/Routing/Route.php:237
at vendor/laravel/framework/src/Illuminate/Routing/Route.php:208
at vendor/laravel/framework/src/Illuminate/Routing/Router.php:806
at vendor/laravel/framework/src/Illuminate/Pipeline/Pipeline.php:144
at vendor/laravel/framework/src/Illuminate/Pipeline/Pipeline.php:119
at vendor/laravel/framework/src/Illuminate/Routing/Router.php:805
at vendor/laravel/framework/src/Illuminate/Routing/Router.php:784
at vendor/laravel/framework/src/Illuminate/Routing/Router.php:748
at vendor/laravel/framework/src/Illuminate/Routing/Router.php:737
at vendor/laravel/framework/src/Illuminate/Foundation/Http/Kernel.php:200
at vendor/laravel/framework/src/Illuminate/Pipeline/Pipeline.php:144
at vendor/laravel/framework/src/Illuminate/Pipeline/Pipeline.php:119
at vendor/laravel/framework/src/Illuminate/Foundation/Http/Kernel.php:175
at vendor/laravel/framework/src/Illuminate/Foundation/Http/Kernel.php:144
at vendor/laravel/framework/src/Illuminate/Foundation/Testing/Concerns/MakesHttpRequests.php:585
at vendor/livewire/livewire/src/Features/SupportTesting/InitialRender.php:33
at vendor/livewire/livewire/src/Features/SupportTesting/RequestBroker.php:30
at vendor/livewire/livewire/src/Features/SupportTesting/InitialRender.php:32
at vendor/livewire/livewire/src/Features/SupportTesting/Render.php:24
at vendor/livewire/livewire/src/Features/SupportTesting/InitialRender.php:31
at vendor/livewire/livewire/src/Features/SupportTesting/InitialRender.php:17
at vendor/livewire/livewire/src/Features/SupportTesting/Testable.php:35
at vendor/livewire/livewire/src/LivewireManager.php:192
at vendor/laravel/framework/src/Illuminate/Support/Facades/Facade.php:355
at vendor/pestphp/pest-plugin-livewire/src/InteractsWithLivewire.php:17
at vendor/pestphp/pest-plugin-livewire/src/Autoload.php:20
at tests/src/Columns/ColumnTest.php:31
Caused by
TypeError: Cheesegrits\FilamentGoogleMaps\Columns\MapColumn::getWidth(): Return value must be of type ?string, int returned

at src/Columns/MapColumn.php:108
at vendor/orchestra/testbench-core/laravel/storage/framework/views/c12ae401be86f0020f5798e487678a9d.php:1431
at vendor/livewire/livewire/src/Mechanisms/ExtendBlade/ExtendedCompilerEngine.php:37
at vendor/livewire/livewire/src/Mechanisms/ExtendBlade/ExtendedCompilerEngine.php:38
at vendor/laravel/framework/src/Illuminate/View/Engines/CompilerEngine.php:72
at vendor/livewire/livewire/src/Mechanisms/ExtendBlade/ExtendedCompilerEngine.php:16
at vendor/laravel/framework/src/Illuminate/View/View.php:207
at vendor/laravel/framework/src/Illuminate/View/View.php:190
at vendor/laravel/framework/src/Illuminate/View/View.php:159
at vendor/filament/support/src/Components/ViewComponent.php:106
at vendor/laravel/framework/src/Illuminate/Support/helpers.php:117
at vendor/orchestra/testbench-core/laravel/storage/framework/views/7c6952b3c36420c8c27fb559933a9a27.php:1
at vendor/livewire/livewire/src/Mechanisms/ExtendBlade/ExtendedCompilerEngine.php:37
at vendor/livewire/livewire/src/Mechanisms/ExtendBlade/ExtendedCompilerEngine.php:38
at vendor/laravel/framework/src/Illuminate/View/Engines/CompilerEngine.php:72
at vendor/livewire/livewire/src/Mechanisms/ExtendBlade/ExtendedCompilerEngine.php:16
at vendor/laravel/framework/src/Illuminate/View/View.php:207
at vendor/laravel/framework/src/Illuminate/View/View.php:190
at vendor/laravel/framework/src/Illuminate/View/View.php:159
at vendor/livewire/livewire/src/Mechanisms/HandleComponents/HandleComponents.php:241
at vendor/livewire/livewire/src/Mechanisms/HandleComponents/HandleComponents.php:285
at vendor/livewire/livewire/src/Mechanisms/HandleComponents/HandleComponents.php:233
at vendor/livewire/livewire/src/Mechanisms/HandleComponents/HandleComponents.php:54
at vendor/livewire/livewire/src/LivewireManager.php:73
at vendor/orchestra/testbench-core/laravel/storage/framework/views/f24b679c3d0781269adf8f4b81037ebb.php:7
at vendor/livewire/livewire/src/Mechanisms/ExtendBlade/ExtendedCompilerEngine.php:37
at vendor/livewire/livewire/src/Mechanisms/ExtendBlade/ExtendedCompilerEngine.php:38
at vendor/laravel/framework/src/Illuminate/View/Engines/CompilerEngine.php:72
at vendor/livewire/livewire/src/Mechanisms/ExtendBlade/ExtendedCompilerEngine.php:16
at vendor/laravel/framework/src/Illuminate/View/View.php:207
at vendor/laravel/framework/src/Illuminate/View/View.php:190
at vendor/laravel/framework/src/Illuminate/View/View.php:159
at vendor/laravel/framework/src/Illuminate/View/Compilers/BladeCompiler.php:335
at vendor/laravel/framework/src/Illuminate/Support/Facades/Facade.php:355
at vendor/livewire/livewire/src/Features/SupportTesting/InitialRender.php:25
at vendor/laravel/framework/src/Illuminate/Routing/CallableDispatcher.php:40
at vendor/laravel/framework/src/Illuminate/Routing/Route.php:237
at vendor/laravel/framework/src/Illuminate/Routing/Route.php:208
at vendor/laravel/framework/src/Illuminate/Routing/Router.php:806
at vendor/laravel/framework/src/Illuminate/Pipeline/Pipeline.php:144
at vendor/laravel/framework/src/Illuminate/Pipeline/Pipeline.php:119
at vendor/laravel/framework/src/Illuminate/Routing/Router.php:805
at vendor/laravel/framework/src/Illuminate/Routing/Router.php:784
at vendor/laravel/framework/src/Illuminate/Routing/Router.php:748
at vendor/laravel/framework/src/Illuminate/Routing/Router.php:737
at vendor/laravel/framework/src/Illuminate/Foundation/Http/Kernel.php:200
at vendor/laravel/framework/src/Illuminate/Pipeline/Pipeline.php:144
at vendor/laravel/framework/src/Illuminate/Pipeline/Pipeline.php:119
at vendor/laravel/framework/src/Illuminate/Foundation/Http/Kernel.php:175
at vendor/laravel/framework/src/Illuminate/Foundation/Http/Kernel.php:144
at vendor/laravel/framework/src/Illuminate/Foundation/Testing/Concerns/MakesHttpRequests.php:585
at vendor/livewire/livewire/src/Features/SupportTesting/InitialRender.php:33
at vendor/livewire/livewire/src/Features/SupportTesting/RequestBroker.php:30
at vendor/livewire/livewire/src/Features/SupportTesting/InitialRender.php:32
at vendor/livewire/livewire/src/Features/SupportTesting/Render.php:24
at vendor/livewire/livewire/src/Features/SupportTesting/InitialRender.php:31
at vendor/livewire/livewire/src/Features/SupportTesting/InitialRender.php:17
at vendor/livewire/livewire/src/Features/SupportTesting/Testable.php:35
at vendor/livewire/livewire/src/LivewireManager.php:192
at vendor/laravel/framework/src/Illuminate/Support/Facades/Facade.php:355
at vendor/pestphp/pest-plugin-livewire/src/InteractsWithLivewire.php:17
at vendor/pestphp/pest-plugin-livewire/src/Autoload.php:20
at tests/src/Columns/ColumnTest.php:31</error>
      </testcase>
      <testcase name="it only caches once for each record" class="Tests\src\Columns\ColumnTest" classname="Tests.src.Columns.ColumnTest" file="tests/src/Columns/ColumnTest.php::it only caches once for each record" line="0" assertions="1" time="0.328002">
        <error type="Illuminate\View\ViewException">it only caches once for each recordIlluminate\View\ViewException: Cheesegrits\FilamentGoogleMaps\Columns\MapColumn::getWidth(): Return value must be of type ?string, int returned (View: /home/toothless/Github/abdelhamiderrahmouni/filament-google-maps/vendor/filament/tables/resources/views/index.blade.php) (View: /home/toothless/Github/abdelhamiderrahmouni/filament-google-maps/vendor/filament/tables/resources/views/index.blade.php) (View: /home/toothless/Github/abdelhamiderrahmouni/filament-google-maps/vendor/filament/tables/resources/views/index.blade.php)
at src/Columns/MapColumn.php:108
at vendor/livewire/livewire/src/Mechanisms/ExtendBlade/ExtendedCompilerEngine.php:58
at vendor/livewire/livewire/src/Mechanisms/ExtendBlade/ExtendedCompilerEngine.php:40
at vendor/laravel/framework/src/Illuminate/View/Engines/CompilerEngine.php:72
at vendor/livewire/livewire/src/Mechanisms/ExtendBlade/ExtendedCompilerEngine.php:16
at vendor/laravel/framework/src/Illuminate/View/View.php:207
at vendor/laravel/framework/src/Illuminate/View/View.php:190
at vendor/laravel/framework/src/Illuminate/View/View.php:159
at vendor/livewire/livewire/src/Mechanisms/HandleComponents/HandleComponents.php:241
at vendor/livewire/livewire/src/Mechanisms/HandleComponents/HandleComponents.php:285
at vendor/livewire/livewire/src/Mechanisms/HandleComponents/HandleComponents.php:233
at vendor/livewire/livewire/src/Mechanisms/HandleComponents/HandleComponents.php:54
at vendor/livewire/livewire/src/LivewireManager.php:73
at vendor/orchestra/testbench-core/laravel/storage/framework/views/f24b679c3d0781269adf8f4b81037ebb.php:7
at vendor/livewire/livewire/src/Mechanisms/ExtendBlade/ExtendedCompilerEngine.php:37
at vendor/livewire/livewire/src/Mechanisms/ExtendBlade/ExtendedCompilerEngine.php:38
at vendor/laravel/framework/src/Illuminate/View/Engines/CompilerEngine.php:72
at vendor/livewire/livewire/src/Mechanisms/ExtendBlade/ExtendedCompilerEngine.php:16
at vendor/laravel/framework/src/Illuminate/View/View.php:207
at vendor/laravel/framework/src/Illuminate/View/View.php:190
at vendor/laravel/framework/src/Illuminate/View/View.php:159
at vendor/laravel/framework/src/Illuminate/View/Compilers/BladeCompiler.php:335
at vendor/laravel/framework/src/Illuminate/Support/Facades/Facade.php:355
at vendor/livewire/livewire/src/Features/SupportTesting/InitialRender.php:25
at vendor/laravel/framework/src/Illuminate/Routing/CallableDispatcher.php:40
at vendor/laravel/framework/src/Illuminate/Routing/Route.php:237
at vendor/laravel/framework/src/Illuminate/Routing/Route.php:208
at vendor/laravel/framework/src/Illuminate/Routing/Router.php:806
at vendor/laravel/framework/src/Illuminate/Pipeline/Pipeline.php:144
at vendor/laravel/framework/src/Illuminate/Pipeline/Pipeline.php:119
at vendor/laravel/framework/src/Illuminate/Routing/Router.php:805
at vendor/laravel/framework/src/Illuminate/Routing/Router.php:784
at vendor/laravel/framework/src/Illuminate/Routing/Router.php:748
at vendor/laravel/framework/src/Illuminate/Routing/Router.php:737
at vendor/laravel/framework/src/Illuminate/Foundation/Http/Kernel.php:200
at vendor/laravel/framework/src/Illuminate/Pipeline/Pipeline.php:144
at vendor/laravel/framework/src/Illuminate/Pipeline/Pipeline.php:119
at vendor/laravel/framework/src/Illuminate/Foundation/Http/Kernel.php:175
at vendor/laravel/framework/src/Illuminate/Foundation/Http/Kernel.php:144
at vendor/laravel/framework/src/Illuminate/Foundation/Testing/Concerns/MakesHttpRequests.php:585
at vendor/livewire/livewire/src/Features/SupportTesting/InitialRender.php:33
at vendor/livewire/livewire/src/Features/SupportTesting/RequestBroker.php:30
at vendor/livewire/livewire/src/Features/SupportTesting/InitialRender.php:32
at vendor/livewire/livewire/src/Features/SupportTesting/Render.php:24
at vendor/livewire/livewire/src/Features/SupportTesting/InitialRender.php:31
at vendor/livewire/livewire/src/Features/SupportTesting/InitialRender.php:17
at vendor/livewire/livewire/src/Features/SupportTesting/Testable.php:35
at vendor/livewire/livewire/src/LivewireManager.php:192
at vendor/laravel/framework/src/Illuminate/Support/Facades/Facade.php:355
at vendor/pestphp/pest-plugin-livewire/src/InteractsWithLivewire.php:17
at vendor/pestphp/pest-plugin-livewire/src/Autoload.php:20
at tests/src/Columns/ColumnTest.php:41
Caused by
Illuminate\View\ViewException: Cheesegrits\FilamentGoogleMaps\Columns\MapColumn::getWidth(): Return value must be of type ?string, int returned (View: /home/toothless/Github/abdelhamiderrahmouni/filament-google-maps/vendor/filament/tables/resources/views/index.blade.php) (View: /home/toothless/Github/abdelhamiderrahmouni/filament-google-maps/vendor/filament/tables/resources/views/index.blade.php)

at src/Columns/MapColumn.php:108
at vendor/livewire/livewire/src/Mechanisms/ExtendBlade/ExtendedCompilerEngine.php:58
at vendor/livewire/livewire/src/Mechanisms/ExtendBlade/ExtendedCompilerEngine.php:40
at vendor/laravel/framework/src/Illuminate/View/Engines/CompilerEngine.php:72
at vendor/livewire/livewire/src/Mechanisms/ExtendBlade/ExtendedCompilerEngine.php:16
at vendor/laravel/framework/src/Illuminate/View/View.php:207
at vendor/laravel/framework/src/Illuminate/View/View.php:190
at vendor/laravel/framework/src/Illuminate/View/View.php:159
at vendor/filament/support/src/Components/ViewComponent.php:106
at vendor/laravel/framework/src/Illuminate/Support/helpers.php:117
at vendor/orchestra/testbench-core/laravel/storage/framework/views/7c6952b3c36420c8c27fb559933a9a27.php:1
at vendor/livewire/livewire/src/Mechanisms/ExtendBlade/ExtendedCompilerEngine.php:37
at vendor/livewire/livewire/src/Mechanisms/ExtendBlade/ExtendedCompilerEngine.php:38
at vendor/laravel/framework/src/Illuminate/View/Engines/CompilerEngine.php:72
at vendor/livewire/livewire/src/Mechanisms/ExtendBlade/ExtendedCompilerEngine.php:16
at vendor/laravel/framework/src/Illuminate/View/View.php:207
at vendor/laravel/framework/src/Illuminate/View/View.php:190
at vendor/laravel/framework/src/Illuminate/View/View.php:159
at vendor/livewire/livewire/src/Mechanisms/HandleComponents/HandleComponents.php:241
at vendor/livewire/livewire/src/Mechanisms/HandleComponents/HandleComponents.php:285
at vendor/livewire/livewire/src/Mechanisms/HandleComponents/HandleComponents.php:233
at vendor/livewire/livewire/src/Mechanisms/HandleComponents/HandleComponents.php:54
at vendor/livewire/livewire/src/LivewireManager.php:73
at vendor/orchestra/testbench-core/laravel/storage/framework/views/f24b679c3d0781269adf8f4b81037ebb.php:7
at vendor/livewire/livewire/src/Mechanisms/ExtendBlade/ExtendedCompilerEngine.php:37
at vendor/livewire/livewire/src/Mechanisms/ExtendBlade/ExtendedCompilerEngine.php:38
at vendor/laravel/framework/src/Illuminate/View/Engines/CompilerEngine.php:72
at vendor/livewire/livewire/src/Mechanisms/ExtendBlade/ExtendedCompilerEngine.php:16
at vendor/laravel/framework/src/Illuminate/View/View.php:207
at vendor/laravel/framework/src/Illuminate/View/View.php:190
at vendor/laravel/framework/src/Illuminate/View/View.php:159
at vendor/laravel/framework/src/Illuminate/View/Compilers/BladeCompiler.php:335
at vendor/laravel/framework/src/Illuminate/Support/Facades/Facade.php:355
at vendor/livewire/livewire/src/Features/SupportTesting/InitialRender.php:25
at vendor/laravel/framework/src/Illuminate/Routing/CallableDispatcher.php:40
at vendor/laravel/framework/src/Illuminate/Routing/Route.php:237
at vendor/laravel/framework/src/Illuminate/Routing/Route.php:208
at vendor/laravel/framework/src/Illuminate/Routing/Router.php:806
at vendor/laravel/framework/src/Illuminate/Pipeline/Pipeline.php:144
at vendor/laravel/framework/src/Illuminate/Pipeline/Pipeline.php:119
at vendor/laravel/framework/src/Illuminate/Routing/Router.php:805
at vendor/laravel/framework/src/Illuminate/Routing/Router.php:784
at vendor/laravel/framework/src/Illuminate/Routing/Router.php:748
at vendor/laravel/framework/src/Illuminate/Routing/Router.php:737
at vendor/laravel/framework/src/Illuminate/Foundation/Http/Kernel.php:200
at vendor/laravel/framework/src/Illuminate/Pipeline/Pipeline.php:144
at vendor/laravel/framework/src/Illuminate/Pipeline/Pipeline.php:119
at vendor/laravel/framework/src/Illuminate/Foundation/Http/Kernel.php:175
at vendor/laravel/framework/src/Illuminate/Foundation/Http/Kernel.php:144
at vendor/laravel/framework/src/Illuminate/Foundation/Testing/Concerns/MakesHttpRequests.php:585
at vendor/livewire/livewire/src/Features/SupportTesting/InitialRender.php:33
at vendor/livewire/livewire/src/Features/SupportTesting/RequestBroker.php:30
at vendor/livewire/livewire/src/Features/SupportTesting/InitialRender.php:32
at vendor/livewire/livewire/src/Features/SupportTesting/Render.php:24
at vendor/livewire/livewire/src/Features/SupportTesting/InitialRender.php:31
at vendor/livewire/livewire/src/Features/SupportTesting/InitialRender.php:17
at vendor/livewire/livewire/src/Features/SupportTesting/Testable.php:35
at vendor/livewire/livewire/src/LivewireManager.php:192
at vendor/laravel/framework/src/Illuminate/Support/Facades/Facade.php:355
at vendor/pestphp/pest-plugin-livewire/src/InteractsWithLivewire.php:17
at vendor/pestphp/pest-plugin-livewire/src/Autoload.php:20
at tests/src/Columns/ColumnTest.php:41
Caused by
Illuminate\View\ViewException: Cheesegrits\FilamentGoogleMaps\Columns\MapColumn::getWidth(): Return value must be of type ?string, int returned (View: /home/toothless/Github/abdelhamiderrahmouni/filament-google-maps/vendor/filament/tables/resources/views/index.blade.php)

at src/Columns/MapColumn.php:108
at vendor/orchestra/testbench-core/laravel/storage/framework/views/c12ae401be86f0020f5798e487678a9d.php:1431
at vendor/livewire/livewire/src/Mechanisms/ExtendBlade/ExtendedCompilerEngine.php:37
at vendor/livewire/livewire/src/Mechanisms/ExtendBlade/ExtendedCompilerEngine.php:38
at vendor/laravel/framework/src/Illuminate/View/Engines/CompilerEngine.php:72
at vendor/livewire/livewire/src/Mechanisms/ExtendBlade/ExtendedCompilerEngine.php:16
at vendor/laravel/framework/src/Illuminate/View/View.php:207
at vendor/laravel/framework/src/Illuminate/View/View.php:190
at vendor/laravel/framework/src/Illuminate/View/View.php:159
at vendor/filament/support/src/Components/ViewComponent.php:106
at vendor/laravel/framework/src/Illuminate/Support/helpers.php:117
at vendor/orchestra/testbench-core/laravel/storage/framework/views/7c6952b3c36420c8c27fb559933a9a27.php:1
at vendor/livewire/livewire/src/Mechanisms/ExtendBlade/ExtendedCompilerEngine.php:37
at vendor/livewire/livewire/src/Mechanisms/ExtendBlade/ExtendedCompilerEngine.php:38
at vendor/laravel/framework/src/Illuminate/View/Engines/CompilerEngine.php:72
at vendor/livewire/livewire/src/Mechanisms/ExtendBlade/ExtendedCompilerEngine.php:16
at vendor/laravel/framework/src/Illuminate/View/View.php:207
at vendor/laravel/framework/src/Illuminate/View/View.php:190
at vendor/laravel/framework/src/Illuminate/View/View.php:159
at vendor/livewire/livewire/src/Mechanisms/HandleComponents/HandleComponents.php:241
at vendor/livewire/livewire/src/Mechanisms/HandleComponents/HandleComponents.php:285
at vendor/livewire/livewire/src/Mechanisms/HandleComponents/HandleComponents.php:233
at vendor/livewire/livewire/src/Mechanisms/HandleComponents/HandleComponents.php:54
at vendor/livewire/livewire/src/LivewireManager.php:73
at vendor/orchestra/testbench-core/laravel/storage/framework/views/f24b679c3d0781269adf8f4b81037ebb.php:7
at vendor/livewire/livewire/src/Mechanisms/ExtendBlade/ExtendedCompilerEngine.php:37
at vendor/livewire/livewire/src/Mechanisms/ExtendBlade/ExtendedCompilerEngine.php:38
at vendor/laravel/framework/src/Illuminate/View/Engines/CompilerEngine.php:72
at vendor/livewire/livewire/src/Mechanisms/ExtendBlade/ExtendedCompilerEngine.php:16
at vendor/laravel/framework/src/Illuminate/View/View.php:207
at vendor/laravel/framework/src/Illuminate/View/View.php:190
at vendor/laravel/framework/src/Illuminate/View/View.php:159
at vendor/laravel/framework/src/Illuminate/View/Compilers/BladeCompiler.php:335
at vendor/laravel/framework/src/Illuminate/Support/Facades/Facade.php:355
at vendor/livewire/livewire/src/Features/SupportTesting/InitialRender.php:25
at vendor/laravel/framework/src/Illuminate/Routing/CallableDispatcher.php:40
at vendor/laravel/framework/src/Illuminate/Routing/Route.php:237
at vendor/laravel/framework/src/Illuminate/Routing/Route.php:208
at vendor/laravel/framework/src/Illuminate/Routing/Router.php:806
at vendor/laravel/framework/src/Illuminate/Pipeline/Pipeline.php:144
at vendor/laravel/framework/src/Illuminate/Pipeline/Pipeline.php:119
at vendor/laravel/framework/src/Illuminate/Routing/Router.php:805
at vendor/laravel/framework/src/Illuminate/Routing/Router.php:784
at vendor/laravel/framework/src/Illuminate/Routing/Router.php:748
at vendor/laravel/framework/src/Illuminate/Routing/Router.php:737
at vendor/laravel/framework/src/Illuminate/Foundation/Http/Kernel.php:200
at vendor/laravel/framework/src/Illuminate/Pipeline/Pipeline.php:144
at vendor/laravel/framework/src/Illuminate/Pipeline/Pipeline.php:119
at vendor/laravel/framework/src/Illuminate/Foundation/Http/Kernel.php:175
at vendor/laravel/framework/src/Illuminate/Foundation/Http/Kernel.php:144
at vendor/laravel/framework/src/Illuminate/Foundation/Testing/Concerns/MakesHttpRequests.php:585
at vendor/livewire/livewire/src/Features/SupportTesting/InitialRender.php:33
at vendor/livewire/livewire/src/Features/SupportTesting/RequestBroker.php:30
at vendor/livewire/livewire/src/Features/SupportTesting/InitialRender.php:32
at vendor/livewire/livewire/src/Features/SupportTesting/Render.php:24
at vendor/livewire/livewire/src/Features/SupportTesting/InitialRender.php:31
at vendor/livewire/livewire/src/Features/SupportTesting/InitialRender.php:17
at vendor/livewire/livewire/src/Features/SupportTesting/Testable.php:35
at vendor/livewire/livewire/src/LivewireManager.php:192
at vendor/laravel/framework/src/Illuminate/Support/Facades/Facade.php:355
at vendor/pestphp/pest-plugin-livewire/src/InteractsWithLivewire.php:17
at vendor/pestphp/pest-plugin-livewire/src/Autoload.php:20
at tests/src/Columns/ColumnTest.php:41
Caused by
TypeError: Cheesegrits\FilamentGoogleMaps\Columns\MapColumn::getWidth(): Return value must be of type ?string, int returned

at src/Columns/MapColumn.php:108
at vendor/orchestra/testbench-core/laravel/storage/framework/views/c12ae401be86f0020f5798e487678a9d.php:1431
at vendor/livewire/livewire/src/Mechanisms/ExtendBlade/ExtendedCompilerEngine.php:37
at vendor/livewire/livewire/src/Mechanisms/ExtendBlade/ExtendedCompilerEngine.php:38
at vendor/laravel/framework/src/Illuminate/View/Engines/CompilerEngine.php:72
at vendor/livewire/livewire/src/Mechanisms/ExtendBlade/ExtendedCompilerEngine.php:16
at vendor/laravel/framework/src/Illuminate/View/View.php:207
at vendor/laravel/framework/src/Illuminate/View/View.php:190
at vendor/laravel/framework/src/Illuminate/View/View.php:159
at vendor/filament/support/src/Components/ViewComponent.php:106
at vendor/laravel/framework/src/Illuminate/Support/helpers.php:117
at vendor/orchestra/testbench-core/laravel/storage/framework/views/7c6952b3c36420c8c27fb559933a9a27.php:1
at vendor/livewire/livewire/src/Mechanisms/ExtendBlade/ExtendedCompilerEngine.php:37
at vendor/livewire/livewire/src/Mechanisms/ExtendBlade/ExtendedCompilerEngine.php:38
at vendor/laravel/framework/src/Illuminate/View/Engines/CompilerEngine.php:72
at vendor/livewire/livewire/src/Mechanisms/ExtendBlade/ExtendedCompilerEngine.php:16
at vendor/laravel/framework/src/Illuminate/View/View.php:207
at vendor/laravel/framework/src/Illuminate/View/View.php:190
at vendor/laravel/framework/src/Illuminate/View/View.php:159
at vendor/livewire/livewire/src/Mechanisms/HandleComponents/HandleComponents.php:241
at vendor/livewire/livewire/src/Mechanisms/HandleComponents/HandleComponents.php:285
at vendor/livewire/livewire/src/Mechanisms/HandleComponents/HandleComponents.php:233
at vendor/livewire/livewire/src/Mechanisms/HandleComponents/HandleComponents.php:54
at vendor/livewire/livewire/src/LivewireManager.php:73
at vendor/orchestra/testbench-core/laravel/storage/framework/views/f24b679c3d0781269adf8f4b81037ebb.php:7
at vendor/livewire/livewire/src/Mechanisms/ExtendBlade/ExtendedCompilerEngine.php:37
at vendor/livewire/livewire/src/Mechanisms/ExtendBlade/ExtendedCompilerEngine.php:38
at vendor/laravel/framework/src/Illuminate/View/Engines/CompilerEngine.php:72
at vendor/livewire/livewire/src/Mechanisms/ExtendBlade/ExtendedCompilerEngine.php:16
at vendor/laravel/framework/src/Illuminate/View/View.php:207
at vendor/laravel/framework/src/Illuminate/View/View.php:190
at vendor/laravel/framework/src/Illuminate/View/View.php:159
at vendor/laravel/framework/src/Illuminate/View/Compilers/BladeCompiler.php:335
at vendor/laravel/framework/src/Illuminate/Support/Facades/Facade.php:355
at vendor/livewire/livewire/src/Features/SupportTesting/InitialRender.php:25
at vendor/laravel/framework/src/Illuminate/Routing/CallableDispatcher.php:40
at vendor/laravel/framework/src/Illuminate/Routing/Route.php:237
at vendor/laravel/framework/src/Illuminate/Routing/Route.php:208
at vendor/laravel/framework/src/Illuminate/Routing/Router.php:806
at vendor/laravel/framework/src/Illuminate/Pipeline/Pipeline.php:144
at vendor/laravel/framework/src/Illuminate/Pipeline/Pipeline.php:119
at vendor/laravel/framework/src/Illuminate/Routing/Router.php:805
at vendor/laravel/framework/src/Illuminate/Routing/Router.php:784
at vendor/laravel/framework/src/Illuminate/Routing/Router.php:748
at vendor/laravel/framework/src/Illuminate/Routing/Router.php:737
at vendor/laravel/framework/src/Illuminate/Foundation/Http/Kernel.php:200
at vendor/laravel/framework/src/Illuminate/Pipeline/Pipeline.php:144
at vendor/laravel/framework/src/Illuminate/Pipeline/Pipeline.php:119
at vendor/laravel/framework/src/Illuminate/Foundation/Http/Kernel.php:175
at vendor/laravel/framework/src/Illuminate/Foundation/Http/Kernel.php:144
at vendor/laravel/framework/src/Illuminate/Foundation/Testing/Concerns/MakesHttpRequests.php:585
at vendor/livewire/livewire/src/Features/SupportTesting/InitialRender.php:33
at vendor/livewire/livewire/src/Features/SupportTesting/RequestBroker.php:30
at vendor/livewire/livewire/src/Features/SupportTesting/InitialRender.php:32
at vendor/livewire/livewire/src/Features/SupportTesting/Render.php:24
at vendor/livewire/livewire/src/Features/SupportTesting/InitialRender.php:31
at vendor/livewire/livewire/src/Features/SupportTesting/InitialRender.php:17
at vendor/livewire/livewire/src/Features/SupportTesting/Testable.php:35
at vendor/livewire/livewire/src/LivewireManager.php:192
at vendor/laravel/framework/src/Illuminate/Support/Facades/Facade.php:355
at vendor/pestphp/pest-plugin-livewire/src/InteractsWithLivewire.php:17
at vendor/pestphp/pest-plugin-livewire/src/Autoload.php:20
at tests/src/Columns/ColumnTest.php:41</error>
      </testcase>
    </testsuite>
    <testsuite name="Tests\src\Columns\FilterTest" file="tests/src/Columns/FilterTest.php" tests="4" assertions="0" errors="4" failures="0" skipped="0" time="19.698289">
      <testcase name="it can filter records by radius" class="Tests\src\Columns\FilterTest" classname="Tests.src.Columns.FilterTest" file="tests/src/Columns/FilterTest.php::it can filter records by radius" line="0" assertions="0" time="13.048216">
        <error type="Error">it can filter records by radiusError: Call to a member function getLocality() on null
at vendor/nonsapiens/realaddressfactory/src/RealAddressFactory.php:163
at tests/database/factories/LocationFactory.php:37
at tests/src/Columns/FilterTest.php:16</error>
      </testcase>
      <testcase name="it can filter related records by radius" class="Tests\src\Columns\FilterTest" classname="Tests.src.Columns.FilterTest" file="tests/src/Columns/FilterTest.php::it can filter related records by radius" line="0" assertions="0" time="3.795715">
        <error type="Error">it can filter related records by radiusError: Call to a member function getLocality() on null
at vendor/nonsapiens/realaddressfactory/src/RealAddressFactory.php:163
at tests/database/factories/LocationFactory.php:37
at tests/src/Columns/FilterTest.php:35</error>
      </testcase>
      <testcase name="it can reset radius filter" class="Tests\src\Columns\FilterTest" classname="Tests.src.Columns.FilterTest" file="tests/src/Columns/FilterTest.php::it can reset radius filter" line="0" assertions="0" time="1.778103">
        <error type="Illuminate\View\ViewException">it can reset radius filterIlluminate\View\ViewException: Cheesegrits\FilamentGoogleMaps\Columns\MapColumn::getWidth(): Return value must be of type ?string, int returned (View: /home/toothless/Github/abdelhamiderrahmouni/filament-google-maps/vendor/filament/tables/resources/views/index.blade.php) (View: /home/toothless/Github/abdelhamiderrahmouni/filament-google-maps/vendor/filament/tables/resources/views/index.blade.php) (View: /home/toothless/Github/abdelhamiderrahmouni/filament-google-maps/vendor/filament/tables/resources/views/index.blade.php)
at src/Columns/MapColumn.php:108
at vendor/livewire/livewire/src/Mechanisms/ExtendBlade/ExtendedCompilerEngine.php:58
at vendor/livewire/livewire/src/Mechanisms/ExtendBlade/ExtendedCompilerEngine.php:40
at vendor/laravel/framework/src/Illuminate/View/Engines/CompilerEngine.php:72
at vendor/livewire/livewire/src/Mechanisms/ExtendBlade/ExtendedCompilerEngine.php:16
at vendor/laravel/framework/src/Illuminate/View/View.php:207
at vendor/laravel/framework/src/Illuminate/View/View.php:190
at vendor/laravel/framework/src/Illuminate/View/View.php:159
at vendor/livewire/livewire/src/Mechanisms/HandleComponents/HandleComponents.php:241
at vendor/livewire/livewire/src/Mechanisms/HandleComponents/HandleComponents.php:285
at vendor/livewire/livewire/src/Mechanisms/HandleComponents/HandleComponents.php:233
at vendor/livewire/livewire/src/Mechanisms/HandleComponents/HandleComponents.php:54
at vendor/livewire/livewire/src/LivewireManager.php:73
at vendor/orchestra/testbench-core/laravel/storage/framework/views/f24b679c3d0781269adf8f4b81037ebb.php:7
at vendor/laravel/framework/src/Illuminate/Filesystem/Filesystem.php:123
at vendor/laravel/framework/src/Illuminate/Filesystem/Filesystem.php:124
at vendor/laravel/framework/src/Illuminate/View/Engines/PhpEngine.php:58
at vendor/livewire/livewire/src/Mechanisms/ExtendBlade/ExtendedCompilerEngine.php:22
at vendor/laravel/framework/src/Illuminate/View/Engines/CompilerEngine.php:72
at vendor/livewire/livewire/src/Mechanisms/ExtendBlade/ExtendedCompilerEngine.php:10
at vendor/laravel/framework/src/Illuminate/View/View.php:207
at vendor/laravel/framework/src/Illuminate/View/View.php:190
at vendor/laravel/framework/src/Illuminate/View/View.php:159
at vendor/laravel/framework/src/Illuminate/View/Compilers/BladeCompiler.php:335
at vendor/laravel/framework/src/Illuminate/Support/Facades/Facade.php:355
at vendor/livewire/livewire/src/Features/SupportTesting/InitialRender.php:25
at vendor/laravel/framework/src/Illuminate/Routing/CallableDispatcher.php:40
at vendor/laravel/framework/src/Illuminate/Routing/Route.php:237
at vendor/laravel/framework/src/Illuminate/Routing/Route.php:208
at vendor/laravel/framework/src/Illuminate/Routing/Router.php:806
at vendor/laravel/framework/src/Illuminate/Pipeline/Pipeline.php:144
at vendor/laravel/framework/src/Illuminate/Pipeline/Pipeline.php:119
at vendor/laravel/framework/src/Illuminate/Routing/Router.php:805
at vendor/laravel/framework/src/Illuminate/Routing/Router.php:784
at vendor/laravel/framework/src/Illuminate/Routing/Router.php:748
at vendor/laravel/framework/src/Illuminate/Routing/Router.php:737
at vendor/laravel/framework/src/Illuminate/Foundation/Http/Kernel.php:200
at vendor/laravel/framework/src/Illuminate/Pipeline/Pipeline.php:144
at vendor/laravel/framework/src/Illuminate/Pipeline/Pipeline.php:119
at vendor/laravel/framework/src/Illuminate/Foundation/Http/Kernel.php:175
at vendor/laravel/framework/src/Illuminate/Foundation/Http/Kernel.php:144
at vendor/laravel/framework/src/Illuminate/Foundation/Testing/Concerns/MakesHttpRequests.php:585
at vendor/livewire/livewire/src/Features/SupportTesting/InitialRender.php:33
at vendor/livewire/livewire/src/Features/SupportTesting/RequestBroker.php:30
at vendor/livewire/livewire/src/Features/SupportTesting/InitialRender.php:32
at vendor/livewire/livewire/src/Features/SupportTesting/Render.php:24
at vendor/livewire/livewire/src/Features/SupportTesting/InitialRender.php:31
at vendor/livewire/livewire/src/Features/SupportTesting/InitialRender.php:17
at vendor/livewire/livewire/src/Features/SupportTesting/Testable.php:35
at vendor/livewire/livewire/src/LivewireManager.php:192
at vendor/laravel/framework/src/Illuminate/Support/Facades/Facade.php:355
at vendor/pestphp/pest-plugin-livewire/src/InteractsWithLivewire.php:17
at vendor/pestphp/pest-plugin-livewire/src/Autoload.php:20
at tests/src/Columns/FilterTest.php:70
Caused by
Illuminate\View\ViewException: Cheesegrits\FilamentGoogleMaps\Columns\MapColumn::getWidth(): Return value must be of type ?string, int returned (View: /home/toothless/Github/abdelhamiderrahmouni/filament-google-maps/vendor/filament/tables/resources/views/index.blade.php) (View: /home/toothless/Github/abdelhamiderrahmouni/filament-google-maps/vendor/filament/tables/resources/views/index.blade.php)

at src/Columns/MapColumn.php:108
at vendor/livewire/livewire/src/Mechanisms/ExtendBlade/ExtendedCompilerEngine.php:58
at vendor/livewire/livewire/src/Mechanisms/ExtendBlade/ExtendedCompilerEngine.php:40
at vendor/laravel/framework/src/Illuminate/View/Engines/CompilerEngine.php:72
at vendor/livewire/livewire/src/Mechanisms/ExtendBlade/ExtendedCompilerEngine.php:16
at vendor/laravel/framework/src/Illuminate/View/View.php:207
at vendor/laravel/framework/src/Illuminate/View/View.php:190
at vendor/laravel/framework/src/Illuminate/View/View.php:159
at vendor/filament/support/src/Components/ViewComponent.php:106
at vendor/laravel/framework/src/Illuminate/Support/helpers.php:117
at vendor/orchestra/testbench-core/laravel/storage/framework/views/7c6952b3c36420c8c27fb559933a9a27.php:1
at vendor/livewire/livewire/src/Mechanisms/ExtendBlade/ExtendedCompilerEngine.php:37
at vendor/livewire/livewire/src/Mechanisms/ExtendBlade/ExtendedCompilerEngine.php:38
at vendor/laravel/framework/src/Illuminate/View/Engines/CompilerEngine.php:72
at vendor/livewire/livewire/src/Mechanisms/ExtendBlade/ExtendedCompilerEngine.php:16
at vendor/laravel/framework/src/Illuminate/View/View.php:207
at vendor/laravel/framework/src/Illuminate/View/View.php:190
at vendor/laravel/framework/src/Illuminate/View/View.php:159
at vendor/livewire/livewire/src/Mechanisms/HandleComponents/HandleComponents.php:241
at vendor/livewire/livewire/src/Mechanisms/HandleComponents/HandleComponents.php:285
at vendor/livewire/livewire/src/Mechanisms/HandleComponents/HandleComponents.php:233
at vendor/livewire/livewire/src/Mechanisms/HandleComponents/HandleComponents.php:54
at vendor/livewire/livewire/src/LivewireManager.php:73
at vendor/orchestra/testbench-core/laravel/storage/framework/views/f24b679c3d0781269adf8f4b81037ebb.php:7
at vendor/laravel/framework/src/Illuminate/Filesystem/Filesystem.php:123
at vendor/laravel/framework/src/Illuminate/Filesystem/Filesystem.php:124
at vendor/laravel/framework/src/Illuminate/View/Engines/PhpEngine.php:58
at vendor/livewire/livewire/src/Mechanisms/ExtendBlade/ExtendedCompilerEngine.php:22
at vendor/laravel/framework/src/Illuminate/View/Engines/CompilerEngine.php:72
at vendor/livewire/livewire/src/Mechanisms/ExtendBlade/ExtendedCompilerEngine.php:10
at vendor/laravel/framework/src/Illuminate/View/View.php:207
at vendor/laravel/framework/src/Illuminate/View/View.php:190
at vendor/laravel/framework/src/Illuminate/View/View.php:159
at vendor/laravel/framework/src/Illuminate/View/Compilers/BladeCompiler.php:335
at vendor/laravel/framework/src/Illuminate/Support/Facades/Facade.php:355
at vendor/livewire/livewire/src/Features/SupportTesting/InitialRender.php:25
at vendor/laravel/framework/src/Illuminate/Routing/CallableDispatcher.php:40
at vendor/laravel/framework/src/Illuminate/Routing/Route.php:237
at vendor/laravel/framework/src/Illuminate/Routing/Route.php:208
at vendor/laravel/framework/src/Illuminate/Routing/Router.php:806
at vendor/laravel/framework/src/Illuminate/Pipeline/Pipeline.php:144
at vendor/laravel/framework/src/Illuminate/Pipeline/Pipeline.php:119
at vendor/laravel/framework/src/Illuminate/Routing/Router.php:805
at vendor/laravel/framework/src/Illuminate/Routing/Router.php:784
at vendor/laravel/framework/src/Illuminate/Routing/Router.php:748
at vendor/laravel/framework/src/Illuminate/Routing/Router.php:737
at vendor/laravel/framework/src/Illuminate/Foundation/Http/Kernel.php:200
at vendor/laravel/framework/src/Illuminate/Pipeline/Pipeline.php:144
at vendor/laravel/framework/src/Illuminate/Pipeline/Pipeline.php:119
at vendor/laravel/framework/src/Illuminate/Foundation/Http/Kernel.php:175
at vendor/laravel/framework/src/Illuminate/Foundation/Http/Kernel.php:144
at vendor/laravel/framework/src/Illuminate/Foundation/Testing/Concerns/MakesHttpRequests.php:585
at vendor/livewire/livewire/src/Features/SupportTesting/InitialRender.php:33
at vendor/livewire/livewire/src/Features/SupportTesting/RequestBroker.php:30
at vendor/livewire/livewire/src/Features/SupportTesting/InitialRender.php:32
at vendor/livewire/livewire/src/Features/SupportTesting/Render.php:24
at vendor/livewire/livewire/src/Features/SupportTesting/InitialRender.php:31
at vendor/livewire/livewire/src/Features/SupportTesting/InitialRender.php:17
at vendor/livewire/livewire/src/Features/SupportTesting/Testable.php:35
at vendor/livewire/livewire/src/LivewireManager.php:192
at vendor/laravel/framework/src/Illuminate/Support/Facades/Facade.php:355
at vendor/pestphp/pest-plugin-livewire/src/InteractsWithLivewire.php:17
at vendor/pestphp/pest-plugin-livewire/src/Autoload.php:20
at tests/src/Columns/FilterTest.php:70
Caused by
Illuminate\View\ViewException: Cheesegrits\FilamentGoogleMaps\Columns\MapColumn::getWidth(): Return value must be of type ?string, int returned (View: /home/toothless/Github/abdelhamiderrahmouni/filament-google-maps/vendor/filament/tables/resources/views/index.blade.php)

at src/Columns/MapColumn.php:108
at vendor/orchestra/testbench-core/laravel/storage/framework/views/c12ae401be86f0020f5798e487678a9d.php:1431
at vendor/livewire/livewire/src/Mechanisms/ExtendBlade/ExtendedCompilerEngine.php:37
at vendor/livewire/livewire/src/Mechanisms/ExtendBlade/ExtendedCompilerEngine.php:38
at vendor/laravel/framework/src/Illuminate/View/Engines/CompilerEngine.php:72
at vendor/livewire/livewire/src/Mechanisms/ExtendBlade/ExtendedCompilerEngine.php:16
at vendor/laravel/framework/src/Illuminate/View/View.php:207
at vendor/laravel/framework/src/Illuminate/View/View.php:190
at vendor/laravel/framework/src/Illuminate/View/View.php:159
at vendor/filament/support/src/Components/ViewComponent.php:106
at vendor/laravel/framework/src/Illuminate/Support/helpers.php:117
at vendor/orchestra/testbench-core/laravel/storage/framework/views/7c6952b3c36420c8c27fb559933a9a27.php:1
at vendor/livewire/livewire/src/Mechanisms/ExtendBlade/ExtendedCompilerEngine.php:37
at vendor/livewire/livewire/src/Mechanisms/ExtendBlade/ExtendedCompilerEngine.php:38
at vendor/laravel/framework/src/Illuminate/View/Engines/CompilerEngine.php:72
at vendor/livewire/livewire/src/Mechanisms/ExtendBlade/ExtendedCompilerEngine.php:16
at vendor/laravel/framework/src/Illuminate/View/View.php:207
at vendor/laravel/framework/src/Illuminate/View/View.php:190
at vendor/laravel/framework/src/Illuminate/View/View.php:159
at vendor/livewire/livewire/src/Mechanisms/HandleComponents/HandleComponents.php:241
at vendor/livewire/livewire/src/Mechanisms/HandleComponents/HandleComponents.php:285
at vendor/livewire/livewire/src/Mechanisms/HandleComponents/HandleComponents.php:233
at vendor/livewire/livewire/src/Mechanisms/HandleComponents/HandleComponents.php:54
at vendor/livewire/livewire/src/LivewireManager.php:73
at vendor/orchestra/testbench-core/laravel/storage/framework/views/f24b679c3d0781269adf8f4b81037ebb.php:7
at vendor/laravel/framework/src/Illuminate/Filesystem/Filesystem.php:123
at vendor/laravel/framework/src/Illuminate/Filesystem/Filesystem.php:124
at vendor/laravel/framework/src/Illuminate/View/Engines/PhpEngine.php:58
at vendor/livewire/livewire/src/Mechanisms/ExtendBlade/ExtendedCompilerEngine.php:22
at vendor/laravel/framework/src/Illuminate/View/Engines/CompilerEngine.php:72
at vendor/livewire/livewire/src/Mechanisms/ExtendBlade/ExtendedCompilerEngine.php:10
at vendor/laravel/framework/src/Illuminate/View/View.php:207
at vendor/laravel/framework/src/Illuminate/View/View.php:190
at vendor/laravel/framework/src/Illuminate/View/View.php:159
at vendor/laravel/framework/src/Illuminate/View/Compilers/BladeCompiler.php:335
at vendor/laravel/framework/src/Illuminate/Support/Facades/Facade.php:355
at vendor/livewire/livewire/src/Features/SupportTesting/InitialRender.php:25
at vendor/laravel/framework/src/Illuminate/Routing/CallableDispatcher.php:40
at vendor/laravel/framework/src/Illuminate/Routing/Route.php:237
at vendor/laravel/framework/src/Illuminate/Routing/Route.php:208
at vendor/laravel/framework/src/Illuminate/Routing/Router.php:806
at vendor/laravel/framework/src/Illuminate/Pipeline/Pipeline.php:144
at vendor/laravel/framework/src/Illuminate/Pipeline/Pipeline.php:119
at vendor/laravel/framework/src/Illuminate/Routing/Router.php:805
at vendor/laravel/framework/src/Illuminate/Routing/Router.php:784
at vendor/laravel/framework/src/Illuminate/Routing/Router.php:748
at vendor/laravel/framework/src/Illuminate/Routing/Router.php:737
at vendor/laravel/framework/src/Illuminate/Foundation/Http/Kernel.php:200
at vendor/laravel/framework/src/Illuminate/Pipeline/Pipeline.php:144
at vendor/laravel/framework/src/Illuminate/Pipeline/Pipeline.php:119
at vendor/laravel/framework/src/Illuminate/Foundation/Http/Kernel.php:175
at vendor/laravel/framework/src/Illuminate/Foundation/Http/Kernel.php:144
at vendor/laravel/framework/src/Illuminate/Foundation/Testing/Concerns/MakesHttpRequests.php:585
at vendor/livewire/livewire/src/Features/SupportTesting/InitialRender.php:33
at vendor/livewire/livewire/src/Features/SupportTesting/RequestBroker.php:30
at vendor/livewire/livewire/src/Features/SupportTesting/InitialRender.php:32
at vendor/livewire/livewire/src/Features/SupportTesting/Render.php:24
at vendor/livewire/livewire/src/Features/SupportTesting/InitialRender.php:31
at vendor/livewire/livewire/src/Features/SupportTesting/InitialRender.php:17
at vendor/livewire/livewire/src/Features/SupportTesting/Testable.php:35
at vendor/livewire/livewire/src/LivewireManager.php:192
at vendor/laravel/framework/src/Illuminate/Support/Facades/Facade.php:355
at vendor/pestphp/pest-plugin-livewire/src/InteractsWithLivewire.php:17
at vendor/pestphp/pest-plugin-livewire/src/Autoload.php:20
at tests/src/Columns/FilterTest.php:70
Caused by
TypeError: Cheesegrits\FilamentGoogleMaps\Columns\MapColumn::getWidth(): Return value must be of type ?string, int returned

at src/Columns/MapColumn.php:108
at vendor/orchestra/testbench-core/laravel/storage/framework/views/c12ae401be86f0020f5798e487678a9d.php:1431
at vendor/livewire/livewire/src/Mechanisms/ExtendBlade/ExtendedCompilerEngine.php:37
at vendor/livewire/livewire/src/Mechanisms/ExtendBlade/ExtendedCompilerEngine.php:38
at vendor/laravel/framework/src/Illuminate/View/Engines/CompilerEngine.php:72
at vendor/livewire/livewire/src/Mechanisms/ExtendBlade/ExtendedCompilerEngine.php:16
at vendor/laravel/framework/src/Illuminate/View/View.php:207
at vendor/laravel/framework/src/Illuminate/View/View.php:190
at vendor/laravel/framework/src/Illuminate/View/View.php:159
at vendor/filament/support/src/Components/ViewComponent.php:106
at vendor/laravel/framework/src/Illuminate/Support/helpers.php:117
at vendor/orchestra/testbench-core/laravel/storage/framework/views/7c6952b3c36420c8c27fb559933a9a27.php:1
at vendor/livewire/livewire/src/Mechanisms/ExtendBlade/ExtendedCompilerEngine.php:37
at vendor/livewire/livewire/src/Mechanisms/ExtendBlade/ExtendedCompilerEngine.php:38
at vendor/laravel/framework/src/Illuminate/View/Engines/CompilerEngine.php:72
at vendor/livewire/livewire/src/Mechanisms/ExtendBlade/ExtendedCompilerEngine.php:16
at vendor/laravel/framework/src/Illuminate/View/View.php:207
at vendor/laravel/framework/src/Illuminate/View/View.php:190
at vendor/laravel/framework/src/Illuminate/View/View.php:159
at vendor/livewire/livewire/src/Mechanisms/HandleComponents/HandleComponents.php:241
at vendor/livewire/livewire/src/Mechanisms/HandleComponents/HandleComponents.php:285
at vendor/livewire/livewire/src/Mechanisms/HandleComponents/HandleComponents.php:233
at vendor/livewire/livewire/src/Mechanisms/HandleComponents/HandleComponents.php:54
at vendor/livewire/livewire/src/LivewireManager.php:73
at vendor/orchestra/testbench-core/laravel/storage/framework/views/f24b679c3d0781269adf8f4b81037ebb.php:7
at vendor/laravel/framework/src/Illuminate/Filesystem/Filesystem.php:123
at vendor/laravel/framework/src/Illuminate/Filesystem/Filesystem.php:124
at vendor/laravel/framework/src/Illuminate/View/Engines/PhpEngine.php:58
at vendor/livewire/livewire/src/Mechanisms/ExtendBlade/ExtendedCompilerEngine.php:22
at vendor/laravel/framework/src/Illuminate/View/Engines/CompilerEngine.php:72
at vendor/livewire/livewire/src/Mechanisms/ExtendBlade/ExtendedCompilerEngine.php:10
at vendor/laravel/framework/src/Illuminate/View/View.php:207
at vendor/laravel/framework/src/Illuminate/View/View.php:190
at vendor/laravel/framework/src/Illuminate/View/View.php:159
at vendor/laravel/framework/src/Illuminate/View/Compilers/BladeCompiler.php:335
at vendor/laravel/framework/src/Illuminate/Support/Facades/Facade.php:355
at vendor/livewire/livewire/src/Features/SupportTesting/InitialRender.php:25
at vendor/laravel/framework/src/Illuminate/Routing/CallableDispatcher.php:40
at vendor/laravel/framework/src/Illuminate/Routing/Route.php:237
at vendor/laravel/framework/src/Illuminate/Routing/Route.php:208
at vendor/laravel/framework/src/Illuminate/Routing/Router.php:806
at vendor/laravel/framework/src/Illuminate/Pipeline/Pipeline.php:144
at vendor/laravel/framework/src/Illuminate/Pipeline/Pipeline.php:119
at vendor/laravel/framework/src/Illuminate/Routing/Router.php:805
at vendor/laravel/framework/src/Illuminate/Routing/Router.php:784
at vendor/laravel/framework/src/Illuminate/Routing/Router.php:748
at vendor/laravel/framework/src/Illuminate/Routing/Router.php:737
at vendor/laravel/framework/src/Illuminate/Foundation/Http/Kernel.php:200
at vendor/laravel/framework/src/Illuminate/Pipeline/Pipeline.php:144
at vendor/laravel/framework/src/Illuminate/Pipeline/Pipeline.php:119
at vendor/laravel/framework/src/Illuminate/Foundation/Http/Kernel.php:175
at vendor/laravel/framework/src/Illuminate/Foundation/Http/Kernel.php:144
at vendor/laravel/framework/src/Illuminate/Foundation/Testing/Concerns/MakesHttpRequests.php:585
at vendor/livewire/livewire/src/Features/SupportTesting/InitialRender.php:33
at vendor/livewire/livewire/src/Features/SupportTesting/RequestBroker.php:30
at vendor/livewire/livewire/src/Features/SupportTesting/InitialRender.php:32
at vendor/livewire/livewire/src/Features/SupportTesting/Render.php:24
at vendor/livewire/livewire/src/Features/SupportTesting/InitialRender.php:31
at vendor/livewire/livewire/src/Features/SupportTesting/InitialRender.php:17
at vendor/livewire/livewire/src/Features/SupportTesting/Testable.php:35
at vendor/livewire/livewire/src/LivewireManager.php:192
at vendor/laravel/framework/src/Illuminate/Support/Facades/Facade.php:355
at vendor/pestphp/pest-plugin-livewire/src/InteractsWithLivewire.php:17
at vendor/pestphp/pest-plugin-livewire/src/Autoload.php:20
at tests/src/Columns/FilterTest.php:70</error>
      </testcase>
      <testcase name="it can remove radius filter" class="Tests\src\Columns\FilterTest" classname="Tests.src.Columns.FilterTest" file="tests/src/Columns/FilterTest.php::it can remove radius filter" line="0" assertions="0" time="1.076255">
[...]
at vendor/laravel/framework/src/Illuminate/View/View.php:207
at vendor/laravel/framework/src/Illuminate/View/View.php:190
at vendor/laravel/framework/src/Illuminate/View/View.php:159
at vendor/laravel/framework/src/Illuminate/View/Compilers/BladeCompiler.php:335
at vendor/laravel/framework/src/Illuminate/Support/Facades/Facade.php:355
at vendor/livewire/livewire/src/Features/SupportTesting/InitialRender.php:25
at vendor/laravel/framework/src/Illuminate/Routing/CallableDispatcher.php:40
at vendor/laravel/framework/src/Illuminate/Routing/Route.php:237
at vendor/laravel/framework/src/Illuminate/Routing/Route.php:208
at vendor/laravel/framework/src/Illuminate/Routing/Router.php:806
at vendor/laravel/framework/src/Illuminate/Pipeline/Pipeline.php:144
at vendor/laravel/framework/src/Illuminate/Pipeline/Pipeline.php:119
at vendor/laravel/framework/src/Illuminate/Routing/Router.php:805
at vendor/laravel/framework/src/Illuminate/Routing/Router.php:784
at vendor/laravel/framework/src/Illuminate/Routing/Router.php:748
at vendor/laravel/framework/src/Illuminate/Routing/Router.php:737
at vendor/laravel/framework/src/Illuminate/Foundation/Http/Kernel.php:200
at vendor/laravel/framework/src/Illuminate/Pipeline/Pipeline.php:144
at vendor/laravel/framework/src/Illuminate/Pipeline/Pipeline.php:119
at vendor/laravel/framework/src/Illuminate/Foundation/Http/Kernel.php:175
at vendor/laravel/framework/src/Illuminate/Foundation/Http/Kernel.php:144
at vendor/laravel/framework/src/Illuminate/Foundation/Testing/Concerns/MakesHttpRequests.php:585
at vendor/livewire/livewire/src/Features/SupportTesting/InitialRender.php:33
at vendor/livewire/livewire/src/Features/SupportTesting/RequestBroker.php:30
at vendor/livewire/livewire/src/Features/SupportTesting/InitialRender.php:32
at vendor/livewire/livewire/src/Features/SupportTesting/Render.php:24
at vendor/livewire/livewire/src/Features/SupportTesting/InitialRender.php:31
at vendor/livewire/livewire/src/Features/SupportTesting/InitialRender.php:17
at vendor/livewire/livewire/src/Features/SupportTesting/Testable.php:35
at vendor/livewire/livewire/src/LivewireManager.php:192
at vendor/laravel/framework/src/Illuminate/Support/Facades/Facade.php:355
at vendor/pestphp/pest-plugin-livewire/src/InteractsWithLivewire.php:17
at vendor/pestphp/pest-plugin-livewire/src/Autoload.php:20
at tests/src/Fields/FormsTest.php:117
Caused by
Illuminate\View\ViewException: Cheesegrits\FilamentGoogleMaps\Fields\Map::getAutocompleteReverse(): Return value must be of type ?string, false returned (View: /home/toothless/Github/abdelhamiderrahmouni/filament-google-maps/resources/views/fields/filament-google-maps.blade.php) (View: /home/toothless/Github/abdelhamiderrahmouni/filament-google-maps/resources/views/fields/filament-google-maps.blade.php)

at src/Fields/Map.php:257
at vendor/livewire/livewire/src/Mechanisms/ExtendBlade/ExtendedCompilerEngine.php:58
at vendor/livewire/livewire/src/Mechanisms/ExtendBlade/ExtendedCompilerEngine.php:40
at vendor/laravel/framework/src/Illuminate/View/Engines/CompilerEngine.php:72
at vendor/livewire/livewire/src/Mechanisms/ExtendBlade/ExtendedCompilerEngine.php:16
at vendor/laravel/framework/src/Illuminate/View/View.php:207
at vendor/laravel/framework/src/Illuminate/View/View.php:190
at vendor/laravel/framework/src/Illuminate/View/View.php:159
at vendor/filament/support/src/Components/ViewComponent.php:106
at vendor/laravel/framework/src/Illuminate/Support/helpers.php:117
at vendor/orchestra/testbench-core/laravel/storage/framework/views/9c730b4482e0f3c66835770ec449b63f.php:140
at vendor/livewire/livewire/src/Mechanisms/ExtendBlade/ExtendedCompilerEngine.php:37
at vendor/livewire/livewire/src/Mechanisms/ExtendBlade/ExtendedCompilerEngine.php:38
at vendor/laravel/framework/src/Illuminate/View/Engines/CompilerEngine.php:72
at vendor/livewire/livewire/src/Mechanisms/ExtendBlade/ExtendedCompilerEngine.php:16
at vendor/laravel/framework/src/Illuminate/View/View.php:207
at vendor/laravel/framework/src/Illuminate/View/View.php:190
at vendor/laravel/framework/src/Illuminate/View/View.php:159
at vendor/filament/support/src/Components/ViewComponent.php:106
at vendor/laravel/framework/src/Illuminate/Support/helpers.php:117
at vendor/orchestra/testbench-core/laravel/storage/framework/views/56230aa4ac7914cb535b13b7bae527b7.php:35
at vendor/orchestra/testbench-core/laravel/storage/framework/views/56230aa4ac7914cb535b13b7bae527b7.php:79
at vendor/livewire/livewire/src/Mechanisms/ExtendBlade/ExtendedCompilerEngine.php:37
at vendor/livewire/livewire/src/Mechanisms/ExtendBlade/ExtendedCompilerEngine.php:38
at vendor/laravel/framework/src/Illuminate/View/Engines/CompilerEngine.php:72
at vendor/livewire/livewire/src/Mechanisms/ExtendBlade/ExtendedCompilerEngine.php:16
at vendor/laravel/framework/src/Illuminate/View/View.php:207
at vendor/laravel/framework/src/Illuminate/View/View.php:190
at vendor/laravel/framework/src/Illuminate/View/View.php:159
at vendor/livewire/livewire/src/Mechanisms/HandleComponents/HandleComponents.php:241
at vendor/livewire/livewire/src/Mechanisms/HandleComponents/HandleComponents.php:285
at vendor/livewire/livewire/src/Mechanisms/HandleComponents/HandleComponents.php:233
at vendor/livewire/livewire/src/Mechanisms/HandleComponents/HandleComponents.php:54
at vendor/livewire/livewire/src/LivewireManager.php:73
at vendor/orchestra/testbench-core/laravel/storage/framework/views/f24b679c3d0781269adf8f4b81037ebb.php:7
at vendor/livewire/livewire/src/Mechanisms/ExtendBlade/ExtendedCompilerEngine.php:37
at vendor/livewire/livewire/src/Mechanisms/ExtendBlade/ExtendedCompilerEngine.php:38
at vendor/laravel/framework/src/Illuminate/View/Engines/CompilerEngine.php:72
at vendor/livewire/livewire/src/Mechanisms/ExtendBlade/ExtendedCompilerEngine.php:16
at vendor/laravel/framework/src/Illuminate/View/View.php:207
at vendor/laravel/framework/src/Illuminate/View/View.php:190
at vendor/laravel/framework/src/Illuminate/View/View.php:159
at vendor/laravel/framework/src/Illuminate/View/Compilers/BladeCompiler.php:335
at vendor/laravel/framework/src/Illuminate/Support/Facades/Facade.php:355
at vendor/livewire/livewire/src/Features/SupportTesting/InitialRender.php:25
at vendor/laravel/framework/src/Illuminate/Routing/CallableDispatcher.php:40
at vendor/laravel/framework/src/Illuminate/Routing/Route.php:237
at vendor/laravel/framework/src/Illuminate/Routing/Route.php:208
at vendor/laravel/framework/src/Illuminate/Routing/Router.php:806
at vendor/laravel/framework/src/Illuminate/Pipeline/Pipeline.php:144
at vendor/laravel/framework/src/Illuminate/Pipeline/Pipeline.php:119
at vendor/laravel/framework/src/Illuminate/Routing/Router.php:805
at vendor/laravel/framework/src/Illuminate/Routing/Router.php:784
at vendor/laravel/framework/src/Illuminate/Routing/Router.php:748
at vendor/laravel/framework/src/Illuminate/Routing/Router.php:737
at vendor/laravel/framework/src/Illuminate/Foundation/Http/Kernel.php:200
at vendor/laravel/framework/src/Illuminate/Pipeline/Pipeline.php:144
at vendor/laravel/framework/src/Illuminate/Pipeline/Pipeline.php:119
at vendor/laravel/framework/src/Illuminate/Foundation/Http/Kernel.php:175
at vendor/laravel/framework/src/Illuminate/Foundation/Http/Kernel.php:144
at vendor/laravel/framework/src/Illuminate/Foundation/Testing/Concerns/MakesHttpRequests.php:585
at vendor/livewire/livewire/src/Features/SupportTesting/InitialRender.php:33
at vendor/livewire/livewire/src/Features/SupportTesting/RequestBroker.php:30
at vendor/livewire/livewire/src/Features/SupportTesting/InitialRender.php:32
at vendor/livewire/livewire/src/Features/SupportTesting/Render.php:24
at vendor/livewire/livewire/src/Features/SupportTesting/InitialRender.php:31
at vendor/livewire/livewire/src/Features/SupportTesting/InitialRender.php:17
at vendor/livewire/livewire/src/Features/SupportTesting/Testable.php:35
at vendor/livewire/livewire/src/LivewireManager.php:192
at vendor/laravel/framework/src/Illuminate/Support/Facades/Facade.php:355
at vendor/pestphp/pest-plugin-livewire/src/InteractsWithLivewire.php:17
at vendor/pestphp/pest-plugin-livewire/src/Autoload.php:20
at tests/src/Fields/FormsTest.php:117
Caused by
Illuminate\View\ViewException: Cheesegrits\FilamentGoogleMaps\Fields\Map::getAutocompleteReverse(): Return value must be of type ?string, false returned (View: /home/toothless/Github/abdelhamiderrahmouni/filament-google-maps/resources/views/fields/filament-google-maps.blade.php)

at src/Fields/Map.php:257
at vendor/orchestra/testbench-core/laravel/storage/framework/views/99097bdbfec44f06413e7078f9da08c6.php:35
at vendor/livewire/livewire/src/Mechanisms/ExtendBlade/ExtendedCompilerEngine.php:37
at vendor/livewire/livewire/src/Mechanisms/ExtendBlade/ExtendedCompilerEngine.php:38
at vendor/laravel/framework/src/Illuminate/View/Engines/CompilerEngine.php:72
at vendor/livewire/livewire/src/Mechanisms/ExtendBlade/ExtendedCompilerEngine.php:16
at vendor/laravel/framework/src/Illuminate/View/View.php:207
at vendor/laravel/framework/src/Illuminate/View/View.php:190
at vendor/laravel/framework/src/Illuminate/View/View.php:159
at vendor/filament/support/src/Components/ViewComponent.php:106
at vendor/laravel/framework/src/Illuminate/Support/helpers.php:117
at vendor/orchestra/testbench-core/laravel/storage/framework/views/9c730b4482e0f3c66835770ec449b63f.php:140
at vendor/livewire/livewire/src/Mechanisms/ExtendBlade/ExtendedCompilerEngine.php:37
at vendor/livewire/livewire/src/Mechanisms/ExtendBlade/ExtendedCompilerEngine.php:38
at vendor/laravel/framework/src/Illuminate/View/Engines/CompilerEngine.php:72
at vendor/livewire/livewire/src/Mechanisms/ExtendBlade/ExtendedCompilerEngine.php:16
at vendor/laravel/framework/src/Illuminate/View/View.php:207
at vendor/laravel/framework/src/Illuminate/View/View.php:190
at vendor/laravel/framework/src/Illuminate/View/View.php:159
at vendor/filament/support/src/Components/ViewComponent.php:106
at vendor/laravel/framework/src/Illuminate/Support/helpers.php:117
at vendor/orchestra/testbench-core/laravel/storage/framework/views/56230aa4ac7914cb535b13b7bae527b7.php:35
at vendor/orchestra/testbench-core/laravel/storage/framework/views/56230aa4ac7914cb535b13b7bae527b7.php:79
at vendor/livewire/livewire/src/Mechanisms/ExtendBlade/ExtendedCompilerEngine.php:37
at vendor/livewire/livewire/src/Mechanisms/ExtendBlade/ExtendedCompilerEngine.php:38
at vendor/laravel/framework/src/Illuminate/View/Engines/CompilerEngine.php:72
at vendor/livewire/livewire/src/Mechanisms/ExtendBlade/ExtendedCompilerEngine.php:16
at vendor/laravel/framework/src/Illuminate/View/View.php:207
at vendor/laravel/framework/src/Illuminate/View/View.php:190
at vendor/laravel/framework/src/Illuminate/View/View.php:159
at vendor/livewire/livewire/src/Mechanisms/HandleComponents/HandleComponents.php:241
at vendor/livewire/livewire/src/Mechanisms/HandleComponents/HandleComponents.php:285
at vendor/livewire/livewire/src/Mechanisms/HandleComponents/HandleComponents.php:233
at vendor/livewire/livewire/src/Mechanisms/HandleComponents/HandleComponents.php:54
at vendor/livewire/livewire/src/LivewireManager.php:73
at vendor/orchestra/testbench-core/laravel/storage/framework/views/f24b679c3d0781269adf8f4b81037ebb.php:7
at vendor/livewire/livewire/src/Mechanisms/ExtendBlade/ExtendedCompilerEngine.php:37
at vendor/livewire/livewire/src/Mechanisms/ExtendBlade/ExtendedCompilerEngine.php:38
at vendor/laravel/framework/src/Illuminate/View/Engines/CompilerEngine.php:72
at vendor/livewire/livewire/src/Mechanisms/ExtendBlade/ExtendedCompilerEngine.php:16
at vendor/laravel/framework/src/Illuminate/View/View.php:207
at vendor/laravel/framework/src/Illuminate/View/View.php:190
at vendor/laravel/framework/src/Illuminate/View/View.php:159
at vendor/laravel/framework/src/Illuminate/View/Compilers/BladeCompiler.php:335
at vendor/laravel/framework/src/Illuminate/Support/Facades/Facade.php:355
at vendor/livewire/livewire/src/Features/SupportTesting/InitialRender.php:25
at vendor/laravel/framework/src/Illuminate/Routing/CallableDispatcher.php:40
at vendor/laravel/framework/src/Illuminate/Routing/Route.php:237
at vendor/laravel/framework/src/Illuminate/Routing/Route.php:208
at vendor/laravel/framework/src/Illuminate/Routing/Router.php:806
at vendor/laravel/framework/src/Illuminate/Pipeline/Pipeline.php:144
at vendor/laravel/framework/src/Illuminate/Pipeline/Pipeline.php:119
at vendor/laravel/framework/src/Illuminate/Routing/Router.php:805
at vendor/laravel/framework/src/Illuminate/Routing/Router.php:784
at vendor/laravel/framework/src/Illuminate/Routing/Router.php:748
at vendor/laravel/framework/src/Illuminate/Routing/Router.php:737
at vendor/laravel/framework/src/Illuminate/Foundation/Http/Kernel.php:200
at vendor/laravel/framework/src/Illuminate/Pipeline/Pipeline.php:144
at vendor/laravel/framework/src/Illuminate/Pipeline/Pipeline.php:119
at vendor/laravel/framework/src/Illuminate/Foundation/Http/Kernel.php:175
at vendor/laravel/framework/src/Illuminate/Foundation/Http/Kernel.php:144
at vendor/laravel/framework/src/Illuminate/Foundation/Testing/Concerns/MakesHttpRequests.php:585
at vendor/livewire/livewire/src/Features/SupportTesting/InitialRender.php:33
at vendor/livewire/livewire/src/Features/SupportTesting/RequestBroker.php:30
at vendor/livewire/livewire/src/Features/SupportTesting/InitialRender.php:32
at vendor/livewire/livewire/src/Features/SupportTesting/Render.php:24
at vendor/livewire/livewire/src/Features/SupportTesting/InitialRender.php:31
at vendor/livewire/livewire/src/Features/SupportTesting/InitialRender.php:17
at vendor/livewire/livewire/src/Features/SupportTesting/Testable.php:35
at vendor/livewire/livewire/src/LivewireManager.php:192
at vendor/laravel/framework/src/Illuminate/Support/Facades/Facade.php:355
at vendor/pestphp/pest-plugin-livewire/src/InteractsWithLivewire.php:17
at vendor/pestphp/pest-plugin-livewire/src/Autoload.php:20
at tests/src/Fields/FormsTest.php:117
Caused by
TypeError: Cheesegrits\FilamentGoogleMaps\Fields\Map::getAutocompleteReverse(): Return value must be of type ?string, false returned

at src/Fields/Map.php:257
at vendor/orchestra/testbench-core/laravel/storage/framework/views/99097bdbfec44f06413e7078f9da08c6.php:35
at vendor/livewire/livewire/src/Mechanisms/ExtendBlade/ExtendedCompilerEngine.php:37
at vendor/livewire/livewire/src/Mechanisms/ExtendBlade/ExtendedCompilerEngine.php:38
at vendor/laravel/framework/src/Illuminate/View/Engines/CompilerEngine.php:72
at vendor/livewire/livewire/src/Mechanisms/ExtendBlade/ExtendedCompilerEngine.php:16
at vendor/laravel/framework/src/Illuminate/View/View.php:207
at vendor/laravel/framework/src/Illuminate/View/View.php:190
at vendor/laravel/framework/src/Illuminate/View/View.php:159
at vendor/filament/support/src/Components/ViewComponent.php:106
at vendor/laravel/framework/src/Illuminate/Support/helpers.php:117
at vendor/orchestra/testbench-core/laravel/storage/framework/views/9c730b4482e0f3c66835770ec449b63f.php:140
at vendor/livewire/livewire/src/Mechanisms/ExtendBlade/ExtendedCompilerEngine.php:37
at vendor/livewire/livewire/src/Mechanisms/ExtendBlade/ExtendedCompilerEngine.php:38
at vendor/laravel/framework/src/Illuminate/View/Engines/CompilerEngine.php:72
at vendor/livewire/livewire/src/Mechanisms/ExtendBlade/ExtendedCompilerEngine.php:16
at vendor/laravel/framework/src/Illuminate/View/View.php:207
at vendor/laravel/framework/src/Illuminate/View/View.php:190
at vendor/laravel/framework/src/Illuminate/View/View.php:159
at vendor/filament/support/src/Components/ViewComponent.php:106
at vendor/laravel/framework/src/Illuminate/Support/helpers.php:117
at vendor/orchestra/testbench-core/laravel/storage/framework/views/56230aa4ac7914cb535b13b7bae527b7.php:35
at vendor/orchestra/testbench-core/laravel/storage/framework/views/56230aa4ac7914cb535b13b7bae527b7.php:79
at vendor/livewire/livewire/src/Mechanisms/ExtendBlade/ExtendedCompilerEngine.php:37
at vendor/livewire/livewire/src/Mechanisms/ExtendBlade/ExtendedCompilerEngine.php:38
at vendor/laravel/framework/src/Illuminate/View/Engines/CompilerEngine.php:72
at vendor/livewire/livewire/src/Mechanisms/ExtendBlade/ExtendedCompilerEngine.php:16
at vendor/laravel/framework/src/Illuminate/View/View.php:207
at vendor/laravel/framework/src/Illuminate/View/View.php:190
at vendor/laravel/framework/src/Illuminate/View/View.php:159
at vendor/livewire/livewire/src/Mechanisms/HandleComponents/HandleComponents.php:241
at vendor/livewire/livewire/src/Mechanisms/HandleComponents/HandleComponents.php:285
at vendor/livewire/livewire/src/Mechanisms/HandleComponents/HandleComponents.php:233
at vendor/livewire/livewire/src/Mechanisms/HandleComponents/HandleComponents.php:54
at vendor/livewire/livewire/src/LivewireManager.php:73
at vendor/orchestra/testbench-core/laravel/storage/framework/views/f24b679c3d0781269adf8f4b81037ebb.php:7
at vendor/livewire/livewire/src/Mechanisms/ExtendBlade/ExtendedCompilerEngine.php:37
at vendor/livewire/livewire/src/Mechanisms/ExtendBlade/ExtendedCompilerEngine.php:38
at vendor/laravel/framework/src/Illuminate/View/Engines/CompilerEngine.php:72
at vendor/livewire/livewire/src/Mechanisms/ExtendBlade/ExtendedCompilerEngine.php:16
at vendor/laravel/framework/src/Illuminate/View/View.php:207
at vendor/laravel/framework/src/Illuminate/View/View.php:190
at vendor/laravel/framework/src/Illuminate/View/View.php:159
at vendor/laravel/framework/src/Illuminate/View/Compilers/BladeCompiler.php:335
at vendor/laravel/framework/src/Illuminate/Support/Facades/Facade.php:355
at vendor/livewire/livewire/src/Features/SupportTesting/InitialRender.php:25
at vendor/laravel/framework/src/Illuminate/Routing/CallableDispatcher.php:40
at vendor/laravel/framework/src/Illuminate/Routing/Route.php:237
at vendor/laravel/framework/src/Illuminate/Routing/Route.php:208
at vendor/laravel/framework/src/Illuminate/Routing/Router.php:806
at vendor/laravel/framework/src/Illuminate/Pipeline/Pipeline.php:144
at vendor/laravel/framework/src/Illuminate/Pipeline/Pipeline.php:119
at vendor/laravel/framework/src/Illuminate/Routing/Router.php:805
at vendor/laravel/framework/src/Illuminate/Routing/Router.php:784
at vendor/laravel/framework/src/Illuminate/Routing/Router.php:748
at vendor/laravel/framework/src/Illuminate/Routing/Router.php:737
at vendor/laravel/framework/src/Illuminate/Foundation/Http/Kernel.php:200
at vendor/laravel/framework/src/Illuminate/Pipeline/Pipeline.php:144
at vendor/laravel/framework/src/Illuminate/Pipeline/Pipeline.php:119
at vendor/laravel/framework/src/Illuminate/Foundation/Http/Kernel.php:175
at vendor/laravel/framework/src/Illuminate/Foundation/Http/Kernel.php:144
at vendor/laravel/framework/src/Illuminate/Foundation/Testing/Concerns/MakesHttpRequests.php:585
at vendor/livewire/livewire/src/Features/SupportTesting/InitialRender.php:33
at vendor/livewire/livewire/src/Features/SupportTesting/RequestBroker.php:30
at vendor/livewire/livewire/src/Features/SupportTesting/InitialRender.php:32
at vendor/livewire/livewire/src/Features/SupportTesting/Render.php:24
at vendor/livewire/livewire/src/Features/SupportTesting/InitialRender.php:31
at vendor/livewire/livewire/src/Features/SupportTesting/InitialRender.php:17
at vendor/livewire/livewire/src/Features/SupportTesting/Testable.php:35
at vendor/livewire/livewire/src/LivewireManager.php:192
at vendor/laravel/framework/src/Illuminate/Support/Facades/Facade.php:355
at vendor/pestphp/pest-plugin-livewire/src/InteractsWithLivewire.php:17
at vendor/pestphp/pest-plugin-livewire/src/Autoload.php:20
at tests/src/Fields/FormsTest.php:117</error>
      </testcase>
    </testsuite>
    <testsuite name="Tests\src\Jobs\JobTest" file="tests/src/Jobs/JobTest.php" tests="1" assertions="1" errors="0" failures="0" skipped="0" time="1.134703">
      <testcase name="it can run a geocode job" class="Tests\src\Jobs\JobTest" classname="Tests.src.Jobs.JobTest" file="tests/src/Jobs/JobTest.php::it can run a geocode job" line="0" assertions="1" time="1.134703"/>
    </testsuite>
  </testsuite>
</testsuites>
