<?xml version="1.0" encoding="UTF-8"?>
<testsuites name="PHPUnit tests">
  <testsuite name="" tests="19" assertions="39" errors="5" failures="4" skipped="0" time="13.595701">
    <testsuite name="Tests\src\Columns\ColumnTest" file="tests/src/Columns/ColumnTest.php" tests="2" assertions="1" errors="1" failures="0" skipped="0" time="2.410409">
      <testcase name="it can render page" class="Tests\src\Columns\ColumnTest" classname="Tests.src.Columns.ColumnTest" file="tests/src/Columns/ColumnTest.php::it can render page" line="0" assertions="1" time="1.589529"/>
      <testcase name="it can render map column" class="Tests\src\Columns\ColumnTest" classname="Tests.src.Columns.ColumnTest" file="tests/src/Columns/ColumnTest.php::it can render map column" line="0" assertions="0" time="0.820880">
        <error type="Illuminate\View\ViewException">it can render map columnIlluminate\View\ViewException: file_get_contents(https://maps.googleapis.com/maps/api/staticmap?key=AIzaSyAH5765IM5TQS2idptSR1RAsOvWIFrcnII&amp;center=-29.01385,-30.318765&amp;zoom=13&amp;scale=1&amp;size=200x150&amp;maptype=roadmap&amp;format=jpg&amp;visual_refresh=true&amp;markers=size:small%7Ccolor:red%7Clabel:1%7C-29.01385,-30.318765&amp;signature=KisxXgzuqQZeysMrwI2JAaSk9xk=): Failed to open stream: HTTP request failed! HTTP/1.1 403 Forbidden&#13;
 (View: /home/toothless/Github/abdelhamiderrahmouni/filament-google-maps/resources/views/columns/filament-google-maps-column.blade.php) (View: /home/toothless/Github/abdelhamiderrahmouni/filament-google-maps/resources/views/columns/filament-google-maps-column.blade.php) (View: /home/toothless/Github/abdelhamiderrahmouni/filament-google-maps/resources/views/columns/filament-google-maps-column.blade.php) (View: /home/toothless/Github/abdelhamiderrahmouni/filament-google-maps/resources/views/columns/filament-google-maps-column.blade.php) (View: /home/toothless/Github/abdelhamiderrahmouni/filament-google-maps/resources/views/columns/filament-google-maps-column.blade.php)
at src/Columns/MapColumn.php:237
at vendor/livewire/livewire/src/Mechanisms/ExtendBlade/ExtendedCompilerEngine.php:58
at vendor/livewire/livewire/src/Mechanisms/ExtendBlade/ExtendedCompilerEngine.php:40
at vendor/laravel/framework/src/Illuminate/View/Engines/CompilerEngine.php:72
at vendor/livewire/livewire/src/Mechanisms/ExtendBlade/ExtendedCompilerEngine.php:16
at vendor/laravel/framework/src/Illuminate/View/View.php:207
at vendor/laravel/framework/src/Illuminate/View/View.php:190
at vendor/laravel/framework/src/Illuminate/View/View.php:159
at vendor/livewire/livewire/src/Mechanisms/HandleComponents/HandleComponents.php:241
at vendor/livewire/livewire/src/Mechanisms/HandleComponents/HandleComponents.php:285
at vendor/livewire/livewire/src/Mechanisms/HandleComponents/HandleComponents.php:233
at vendor/livewire/livewire/src/Mechanisms/HandleComponents/HandleComponents.php:54
at vendor/livewire/livewire/src/LivewireManager.php:73
at vendor/orchestra/testbench-core/laravel/storage/framework/views/f24b679c3d0781269adf8f4b81037ebb.php:7
at vendor/laravel/framework/src/Illuminate/Filesystem/Filesystem.php:123
at vendor/laravel/framework/src/Illuminate/Filesystem/Filesystem.php:124
at vendor/laravel/framework/src/Illuminate/View/Engines/PhpEngine.php:58
at vendor/livewire/livewire/src/Mechanisms/ExtendBlade/ExtendedCompilerEngine.php:22
at vendor/laravel/framework/src/Illuminate/View/Engines/CompilerEngine.php:72
at vendor/livewire/livewire/src/Mechanisms/ExtendBlade/ExtendedCompilerEngine.php:10
at vendor/laravel/framework/src/Illuminate/View/View.php:207
at vendor/laravel/framework/src/Illuminate/View/View.php:190
at vendor/laravel/framework/src/Illuminate/View/View.php:159
at vendor/laravel/framework/src/Illuminate/View/Compilers/BladeCompiler.php:335
at vendor/laravel/framework/src/Illuminate/Support/Facades/Facade.php:355
at vendor/livewire/livewire/src/Features/SupportTesting/InitialRender.php:25
at vendor/laravel/framework/src/Illuminate/Routing/CallableDispatcher.php:40
at vendor/laravel/framework/src/Illuminate/Routing/Route.php:237
at vendor/laravel/framework/src/Illuminate/Routing/Route.php:208
at vendor/laravel/framework/src/Illuminate/Routing/Router.php:806
at vendor/laravel/framework/src/Illuminate/Pipeline/Pipeline.php:144
at vendor/laravel/framework/src/Illuminate/Pipeline/Pipeline.php:119
at vendor/laravel/framework/src/Illuminate/Routing/Router.php:805
at vendor/laravel/framework/src/Illuminate/Routing/Router.php:784
at vendor/laravel/framework/src/Illuminate/Routing/Router.php:748
at vendor/laravel/framework/src/Illuminate/Routing/Router.php:737
at vendor/laravel/framework/src/Illuminate/Foundation/Http/Kernel.php:200
at vendor/laravel/framework/src/Illuminate/Pipeline/Pipeline.php:144
at vendor/laravel/framework/src/Illuminate/Pipeline/Pipeline.php:119
at vendor/laravel/framework/src/Illuminate/Foundation/Http/Kernel.php:175
at vendor/laravel/framework/src/Illuminate/Foundation/Http/Kernel.php:144
at vendor/laravel/framework/src/Illuminate/Foundation/Testing/Concerns/MakesHttpRequests.php:585
at vendor/livewire/livewire/src/Features/SupportTesting/InitialRender.php:33
at vendor/livewire/livewire/src/Features/SupportTesting/RequestBroker.php:30
at vendor/livewire/livewire/src/Features/SupportTesting/InitialRender.php:32
at vendor/livewire/livewire/src/Features/SupportTesting/Render.php:24
at vendor/livewire/livewire/src/Features/SupportTesting/InitialRender.php:31
at vendor/livewire/livewire/src/Features/SupportTesting/InitialRender.php:17
at vendor/livewire/livewire/src/Features/SupportTesting/Testable.php:35
at vendor/livewire/livewire/src/LivewireManager.php:192
at vendor/laravel/framework/src/Illuminate/Support/Facades/Facade.php:355
at vendor/pestphp/pest-plugin-livewire/src/InteractsWithLivewire.php:17
at vendor/pestphp/pest-plugin-livewire/src/Autoload.php:20
at tests/src/Columns/ColumnTest.php:21
Caused by
Illuminate\View\ViewException: file_get_contents(https://maps.googleapis.com/maps/api/staticmap?key=AIzaSyAH5765IM5TQS2idptSR1RAsOvWIFrcnII&amp;center=-29.01385,-30.318765&amp;zoom=13&amp;scale=1&amp;size=200x150&amp;maptype=roadmap&amp;format=jpg&amp;visual_refresh=true&amp;markers=size:small%7Ccolor:red%7Clabel:1%7C-29.01385,-30.318765&amp;signature=KisxXgzuqQZeysMrwI2JAaSk9xk=): Failed to open stream: HTTP request failed! HTTP/1.1 403 Forbidden&#13;
 (View: /home/toothless/Github/abdelhamiderrahmouni/filament-google-maps/resources/views/columns/filament-google-maps-column.blade.php) (View: /home/toothless/Github/abdelhamiderrahmouni/filament-google-maps/resources/views/columns/filament-google-maps-column.blade.php) (View: /home/toothless/Github/abdelhamiderrahmouni/filament-google-maps/resources/views/columns/filament-google-maps-column.blade.php) (View: /home/toothless/Github/abdelhamiderrahmouni/filament-google-maps/resources/views/columns/filament-google-maps-column.blade.php)

at src/Columns/MapColumn.php:237
at vendor/livewire/livewire/src/Mechanisms/ExtendBlade/ExtendedCompilerEngine.php:58
at vendor/livewire/livewire/src/Mechanisms/ExtendBlade/ExtendedCompilerEngine.php:40
at vendor/laravel/framework/src/Illuminate/View/Engines/CompilerEngine.php:72
at vendor/livewire/livewire/src/Mechanisms/ExtendBlade/ExtendedCompilerEngine.php:16
at vendor/laravel/framework/src/Illuminate/View/View.php:207
at vendor/laravel/framework/src/Illuminate/View/View.php:190
at vendor/laravel/framework/src/Illuminate/View/View.php:159
at vendor/filament/support/src/Components/ViewComponent.php:106
at vendor/laravel/framework/src/Illuminate/Support/helpers.php:117
at vendor/orchestra/testbench-core/laravel/storage/framework/views/7c6952b3c36420c8c27fb559933a9a27.php:1
at vendor/livewire/livewire/src/Mechanisms/ExtendBlade/ExtendedCompilerEngine.php:37
at vendor/livewire/livewire/src/Mechanisms/ExtendBlade/ExtendedCompilerEngine.php:38
at vendor/laravel/framework/src/Illuminate/View/Engines/CompilerEngine.php:72
at vendor/livewire/livewire/src/Mechanisms/ExtendBlade/ExtendedCompilerEngine.php:16
at vendor/laravel/framework/src/Illuminate/View/View.php:207
at vendor/laravel/framework/src/Illuminate/View/View.php:190
at vendor/laravel/framework/src/Illuminate/View/View.php:159
at vendor/livewire/livewire/src/Mechanisms/HandleComponents/HandleComponents.php:241
at vendor/livewire/livewire/src/Mechanisms/HandleComponents/HandleComponents.php:285
at vendor/livewire/livewire/src/Mechanisms/HandleComponents/HandleComponents.php:233
at vendor/livewire/livewire/src/Mechanisms/HandleComponents/HandleComponents.php:54
at vendor/livewire/livewire/src/LivewireManager.php:73
at vendor/orchestra/testbench-core/laravel/storage/framework/views/f24b679c3d0781269adf8f4b81037ebb.php:7
at vendor/laravel/framework/src/Illuminate/Filesystem/Filesystem.php:123
at vendor/laravel/framework/src/Illuminate/Filesystem/Filesystem.php:124
at vendor/laravel/framework/src/Illuminate/View/Engines/PhpEngine.php:58
at vendor/livewire/livewire/src/Mechanisms/ExtendBlade/ExtendedCompilerEngine.php:22
at vendor/laravel/framework/src/Illuminate/View/Engines/CompilerEngine.php:72
at vendor/livewire/livewire/src/Mechanisms/ExtendBlade/ExtendedCompilerEngine.php:10
at vendor/laravel/framework/src/Illuminate/View/View.php:207
at vendor/laravel/framework/src/Illuminate/View/View.php:190
at vendor/laravel/framework/src/Illuminate/View/View.php:159
at vendor/laravel/framework/src/Illuminate/View/Compilers/BladeCompiler.php:335
at vendor/laravel/framework/src/Illuminate/Support/Facades/Facade.php:355
at vendor/livewire/livewire/src/Features/SupportTesting/InitialRender.php:25
at vendor/laravel/framework/src/Illuminate/Routing/CallableDispatcher.php:40
at vendor/laravel/framework/src/Illuminate/Routing/Route.php:237
at vendor/laravel/framework/src/Illuminate/Routing/Route.php:208
at vendor/laravel/framework/src/Illuminate/Routing/Router.php:806
at vendor/laravel/framework/src/Illuminate/Pipeline/Pipeline.php:144
at vendor/laravel/framework/src/Illuminate/Pipeline/Pipeline.php:119
at vendor/laravel/framework/src/Illuminate/Routing/Router.php:805
at vendor/laravel/framework/src/Illuminate/Routing/Router.php:784
at vendor/laravel/framework/src/Illuminate/Routing/Router.php:748
at vendor/laravel/framework/src/Illuminate/Routing/Router.php:737
at vendor/laravel/framework/src/Illuminate/Foundation/Http/Kernel.php:200
at vendor/laravel/framework/src/Illuminate/Pipeline/Pipeline.php:144
at vendor/laravel/framework/src/Illuminate/Pipeline/Pipeline.php:119
at vendor/laravel/framework/src/Illuminate/Foundation/Http/Kernel.php:175
at vendor/laravel/framework/src/Illuminate/Foundation/Http/Kernel.php:144
at vendor/laravel/framework/src/Illuminate/Foundation/Testing/Concerns/MakesHttpRequests.php:585
at vendor/livewire/livewire/src/Features/SupportTesting/InitialRender.php:33
at vendor/livewire/livewire/src/Features/SupportTesting/RequestBroker.php:30
at vendor/livewire/livewire/src/Features/SupportTesting/InitialRender.php:32
at vendor/livewire/livewire/src/Features/SupportTesting/Render.php:24
at vendor/livewire/livewire/src/Features/SupportTesting/InitialRender.php:31
at vendor/livewire/livewire/src/Features/SupportTesting/InitialRender.php:17
at vendor/livewire/livewire/src/Features/SupportTesting/Testable.php:35
at vendor/livewire/livewire/src/LivewireManager.php:192
at vendor/laravel/framework/src/Illuminate/Support/Facades/Facade.php:355
at vendor/pestphp/pest-plugin-livewire/src/InteractsWithLivewire.php:17
at vendor/pestphp/pest-plugin-livewire/src/Autoload.php:20
at tests/src/Columns/ColumnTest.php:21
Caused by
Illuminate\View\ViewException: file_get_contents(https://maps.googleapis.com/maps/api/staticmap?key=AIzaSyAH5765IM5TQS2idptSR1RAsOvWIFrcnII&amp;center=-29.01385,-30.318765&amp;zoom=13&amp;scale=1&amp;size=200x150&amp;maptype=roadmap&amp;format=jpg&amp;visual_refresh=true&amp;markers=size:small%7Ccolor:red%7Clabel:1%7C-29.01385,-30.318765&amp;signature=KisxXgzuqQZeysMrwI2JAaSk9xk=): Failed to open stream: HTTP request failed! HTTP/1.1 403 Forbidden&#13;
 (View: /home/toothless/Github/abdelhamiderrahmouni/filament-google-maps/resources/views/columns/filament-google-maps-column.blade.php) (View: /home/toothless/Github/abdelhamiderrahmouni/filament-google-maps/resources/views/columns/filament-google-maps-column.blade.php) (View: /home/toothless/Github/abdelhamiderrahmouni/filament-google-maps/resources/views/columns/filament-google-maps-column.blade.php)

at src/Columns/MapColumn.php:237
at vendor/livewire/livewire/src/Mechanisms/ExtendBlade/ExtendedCompilerEngine.php:58
at vendor/livewire/livewire/src/Mechanisms/ExtendBlade/ExtendedCompilerEngine.php:40
at vendor/laravel/framework/src/Illuminate/View/Engines/CompilerEngine.php:72
at vendor/livewire/livewire/src/Mechanisms/ExtendBlade/ExtendedCompilerEngine.php:16
at vendor/laravel/framework/src/Illuminate/View/View.php:207
at vendor/laravel/framework/src/Illuminate/View/View.php:190
at vendor/laravel/framework/src/Illuminate/View/View.php:159
at vendor/laravel/framework/src/Illuminate/View/Concerns/ManagesComponents.php:103
at vendor/orchestra/testbench-core/laravel/storage/framework/views/c12ae401be86f0020f5798e487678a9d.php:2151
at vendor/livewire/livewire/src/Mechanisms/ExtendBlade/ExtendedCompilerEngine.php:37
at vendor/livewire/livewire/src/Mechanisms/ExtendBlade/ExtendedCompilerEngine.php:38
at vendor/laravel/framework/src/Illuminate/View/Engines/CompilerEngine.php:72
at vendor/livewire/livewire/src/Mechanisms/ExtendBlade/ExtendedCompilerEngine.php:16
at vendor/laravel/framework/src/Illuminate/View/View.php:207
at vendor/laravel/framework/src/Illuminate/View/View.php:190
at vendor/laravel/framework/src/Illuminate/View/View.php:159
at vendor/filament/support/src/Components/ViewComponent.php:106
at vendor/laravel/framework/src/Illuminate/Support/helpers.php:117
at vendor/orchestra/testbench-core/laravel/storage/framework/views/7c6952b3c36420c8c27fb559933a9a27.php:1
at vendor/livewire/livewire/src/Mechanisms/ExtendBlade/ExtendedCompilerEngine.php:37
at vendor/livewire/livewire/src/Mechanisms/ExtendBlade/ExtendedCompilerEngine.php:38
at vendor/laravel/framework/src/Illuminate/View/Engines/CompilerEngine.php:72
at vendor/livewire/livewire/src/Mechanisms/ExtendBlade/ExtendedCompilerEngine.php:16
at vendor/laravel/framework/src/Illuminate/View/View.php:207
at vendor/laravel/framework/src/Illuminate/View/View.php:190
at vendor/laravel/framework/src/Illuminate/View/View.php:159
at vendor/livewire/livewire/src/Mechanisms/HandleComponents/HandleComponents.php:241
at vendor/livewire/livewire/src/Mechanisms/HandleComponents/HandleComponents.php:285
at vendor/livewire/livewire/src/Mechanisms/HandleComponents/HandleComponents.php:233
at vendor/livewire/livewire/src/Mechanisms/HandleComponents/HandleComponents.php:54
at vendor/livewire/livewire/src/LivewireManager.php:73
at vendor/orchestra/testbench-core/laravel/storage/framework/views/f24b679c3d0781269adf8f4b81037ebb.php:7
at vendor/laravel/framework/src/Illuminate/Filesystem/Filesystem.php:123
at vendor/laravel/framework/src/Illuminate/Filesystem/Filesystem.php:124
at vendor/laravel/framework/src/Illuminate/View/Engines/PhpEngine.php:58
at vendor/livewire/livewire/src/Mechanisms/ExtendBlade/ExtendedCompilerEngine.php:22
at vendor/laravel/framework/src/Illuminate/View/Engines/CompilerEngine.php:72
at vendor/livewire/livewire/src/Mechanisms/ExtendBlade/ExtendedCompilerEngine.php:10
at vendor/laravel/framework/src/Illuminate/View/View.php:207
at vendor/laravel/framework/src/Illuminate/View/View.php:190
at vendor/laravel/framework/src/Illuminate/View/View.php:159
at vendor/laravel/framework/src/Illuminate/View/Compilers/BladeCompiler.php:335
at vendor/laravel/framework/src/Illuminate/Support/Facades/Facade.php:355
at vendor/livewire/livewire/src/Features/SupportTesting/InitialRender.php:25
at vendor/laravel/framework/src/Illuminate/Routing/CallableDispatcher.php:40
at vendor/laravel/framework/src/Illuminate/Routing/Route.php:237
at vendor/laravel/framework/src/Illuminate/Routing/Route.php:208
at vendor/laravel/framework/src/Illuminate/Routing/Router.php:806
at vendor/laravel/framework/src/Illuminate/Pipeline/Pipeline.php:144
at vendor/laravel/framework/src/Illuminate/Pipeline/Pipeline.php:119
at vendor/laravel/framework/src/Illuminate/Routing/Router.php:805
at vendor/laravel/framework/src/Illuminate/Routing/Router.php:784
at vendor/laravel/framework/src/Illuminate/Routing/Router.php:748
at vendor/laravel/framework/src/Illuminate/Routing/Router.php:737
at vendor/laravel/framework/src/Illuminate/Foundation/Http/Kernel.php:200
at vendor/laravel/framework/src/Illuminate/Pipeline/Pipeline.php:144
at vendor/laravel/framework/src/Illuminate/Pipeline/Pipeline.php:119
at vendor/laravel/framework/src/Illuminate/Foundation/Http/Kernel.php:175
at vendor/laravel/framework/src/Illuminate/Foundation/Http/Kernel.php:144
at vendor/laravel/framework/src/Illuminate/Foundation/Testing/Concerns/MakesHttpRequests.php:585
at vendor/livewire/livewire/src/Features/SupportTesting/InitialRender.php:33
at vendor/livewire/livewire/src/Features/SupportTesting/RequestBroker.php:30
at vendor/livewire/livewire/src/Features/SupportTesting/InitialRender.php:32
at vendor/livewire/livewire/src/Features/SupportTesting/Render.php:24
at vendor/livewire/livewire/src/Features/SupportTesting/InitialRender.php:31
at vendor/livewire/livewire/src/Features/SupportTesting/InitialRender.php:17
at vendor/livewire/livewire/src/Features/SupportTesting/Testable.php:35
at vendor/livewire/livewire/src/LivewireManager.php:192
at vendor/laravel/framework/src/Illuminate/Support/Facades/Facade.php:355
at vendor/pestphp/pest-plugin-livewire/src/InteractsWithLivewire.php:17
at vendor/pestphp/pest-plugin-livewire/src/Autoload.php:20
at tests/src/Columns/ColumnTest.php:21
Caused by
Illuminate\View\ViewException: file_get_contents(https://maps.googleapis.com/maps/api/staticmap?key=AIzaSyAH5765IM5TQS2idptSR1RAsOvWIFrcnII&amp;center=-29.01385,-30.318765&amp;zoom=13&amp;scale=1&amp;size=200x150&amp;maptype=roadmap&amp;format=jpg&amp;visual_refresh=true&amp;markers=size:small%7Ccolor:red%7Clabel:1%7C-29.01385,-30.318765&amp;signature=KisxXgzuqQZeysMrwI2JAaSk9xk=): Failed to open stream: HTTP request failed! HTTP/1.1 403 Forbidden&#13;
 (View: /home/toothless/Github/abdelhamiderrahmouni/filament-google-maps/resources/views/columns/filament-google-maps-column.blade.php) (View: /home/toothless/Github/abdelhamiderrahmouni/filament-google-maps/resources/views/columns/filament-google-maps-column.blade.php)

at src/Columns/MapColumn.php:237
at vendor/livewire/livewire/src/Mechanisms/ExtendBlade/ExtendedCompilerEngine.php:58
at vendor/livewire/livewire/src/Mechanisms/ExtendBlade/ExtendedCompilerEngine.php:40
at vendor/laravel/framework/src/Illuminate/View/Engines/CompilerEngine.php:72
at vendor/livewire/livewire/src/Mechanisms/ExtendBlade/ExtendedCompilerEngine.php:16
at vendor/laravel/framework/src/Illuminate/View/View.php:207
at vendor/laravel/framework/src/Illuminate/View/View.php:190
at vendor/laravel/framework/src/Illuminate/View/View.php:159
at vendor/filament/support/src/Components/ViewComponent.php:106
at vendor/laravel/framework/src/Illuminate/Support/helpers.php:117
at vendor/orchestra/testbench-core/laravel/storage/framework/views/86a045602e22ec21a469bdfe0c175378.php:116
at vendor/livewire/livewire/src/Mechanisms/ExtendBlade/ExtendedCompilerEngine.php:37
at vendor/livewire/livewire/src/Mechanisms/ExtendBlade/ExtendedCompilerEngine.php:38
at vendor/laravel/framework/src/Illuminate/View/Engines/CompilerEngine.php:72
at vendor/livewire/livewire/src/Mechanisms/ExtendBlade/ExtendedCompilerEngine.php:16
at vendor/laravel/framework/src/Illuminate/View/View.php:207
at vendor/laravel/framework/src/Illuminate/View/View.php:190
at vendor/laravel/framework/src/Illuminate/View/View.php:159
at vendor/laravel/framework/src/Illuminate/View/Concerns/ManagesComponents.php:103
at vendor/orchestra/testbench-core/laravel/storage/framework/views/c12ae401be86f0020f5798e487678a9d.php:2151
at vendor/livewire/livewire/src/Mechanisms/ExtendBlade/ExtendedCompilerEngine.php:37
at vendor/livewire/livewire/src/Mechanisms/ExtendBlade/ExtendedCompilerEngine.php:38
at vendor/laravel/framework/src/Illuminate/View/Engines/CompilerEngine.php:72
at vendor/livewire/livewire/src/Mechanisms/ExtendBlade/ExtendedCompilerEngine.php:16
at vendor/laravel/framework/src/Illuminate/View/View.php:207
at vendor/laravel/framework/src/Illuminate/View/View.php:190
at vendor/laravel/framework/src/Illuminate/View/View.php:159
at vendor/filament/support/src/Components/ViewComponent.php:106
at vendor/laravel/framework/src/Illuminate/Support/helpers.php:117
at vendor/orchestra/testbench-core/laravel/storage/framework/views/7c6952b3c36420c8c27fb559933a9a27.php:1
at vendor/livewire/livewire/src/Mechanisms/ExtendBlade/ExtendedCompilerEngine.php:37
at vendor/livewire/livewire/src/Mechanisms/ExtendBlade/ExtendedCompilerEngine.php:38
at vendor/laravel/framework/src/Illuminate/View/Engines/CompilerEngine.php:72
at vendor/livewire/livewire/src/Mechanisms/ExtendBlade/ExtendedCompilerEngine.php:16
at vendor/laravel/framework/src/Illuminate/View/View.php:207
at vendor/laravel/framework/src/Illuminate/View/View.php:190
at vendor/laravel/framework/src/Illuminate/View/View.php:159
at vendor/livewire/livewire/src/Mechanisms/HandleComponents/HandleComponents.php:241
at vendor/livewire/livewire/src/Mechanisms/HandleComponents/HandleComponents.php:285
at vendor/livewire/livewire/src/Mechanisms/HandleComponents/HandleComponents.php:233
at vendor/livewire/livewire/src/Mechanisms/HandleComponents/HandleComponents.php:54
at vendor/livewire/livewire/src/LivewireManager.php:73
at vendor/orchestra/testbench-core/laravel/storage/framework/views/f24b679c3d0781269adf8f4b81037ebb.php:7
at vendor/laravel/framework/src/Illuminate/Filesystem/Filesystem.php:123
at vendor/laravel/framework/src/Illuminate/Filesystem/Filesystem.php:124
at vendor/laravel/framework/src/Illuminate/View/Engines/PhpEngine.php:58
at vendor/livewire/livewire/src/Mechanisms/ExtendBlade/ExtendedCompilerEngine.php:22
at vendor/laravel/framework/src/Illuminate/View/Engines/CompilerEngine.php:72
at vendor/livewire/livewire/src/Mechanisms/ExtendBlade/ExtendedCompilerEngine.php:10
at vendor/laravel/framework/src/Illuminate/View/View.php:207
at vendor/laravel/framework/src/Illuminate/View/View.php:190
at vendor/laravel/framework/src/Illuminate/View/View.php:159
at vendor/laravel/framework/src/Illuminate/View/Compilers/BladeCompiler.php:335
at vendor/laravel/framework/src/Illuminate/Support/Facades/Facade.php:355
at vendor/livewire/livewire/src/Features/SupportTesting/InitialRender.php:25
at vendor/laravel/framework/src/Illuminate/Routing/CallableDispatcher.php:40
at vendor/laravel/framework/src/Illuminate/Routing/Route.php:237
at vendor/laravel/framework/src/Illuminate/Routing/Route.php:208
at vendor/laravel/framework/src/Illuminate/Routing/Router.php:806
at vendor/laravel/framework/src/Illuminate/Pipeline/Pipeline.php:144
at vendor/laravel/framework/src/Illuminate/Pipeline/Pipeline.php:119
at vendor/laravel/framework/src/Illuminate/Routing/Router.php:805
at vendor/laravel/framework/src/Illuminate/Routing/Router.php:784
at vendor/laravel/framework/src/Illuminate/Routing/Router.php:748
at vendor/laravel/framework/src/Illuminate/Routing/Router.php:737
at vendor/laravel/framework/src/Illuminate/Foundation/Http/Kernel.php:200
at vendor/laravel/framework/src/Illuminate/Pipeline/Pipeline.php:144
at vendor/laravel/framework/src/Illuminate/Pipeline/Pipeline.php:119
at vendor/laravel/framework/src/Illuminate/Foundation/Http/Kernel.php:175
at vendor/laravel/framework/src/Illuminate/Foundation/Http/Kernel.php:144
at vendor/laravel/framework/src/Illuminate/Foundation/Testing/Concerns/MakesHttpRequests.php:585
at vendor/livewire/livewire/src/Features/SupportTesting/InitialRender.php:33
at vendor/livewire/livewire/src/Features/SupportTesting/RequestBroker.php:30
at vendor/livewire/livewire/src/Features/SupportTesting/InitialRender.php:32
at vendor/livewire/livewire/src/Features/SupportTesting/Render.php:24
at vendor/livewire/livewire/src/Features/SupportTesting/InitialRender.php:31
at vendor/livewire/livewire/src/Features/SupportTesting/InitialRender.php:17
at vendor/livewire/livewire/src/Features/SupportTesting/Testable.php:35
at vendor/livewire/livewire/src/LivewireManager.php:192
at vendor/laravel/framework/src/Illuminate/Support/Facades/Facade.php:355
at vendor/pestphp/pest-plugin-livewire/src/InteractsWithLivewire.php:17
at vendor/pestphp/pest-plugin-livewire/src/Autoload.php:20
at tests/src/Columns/ColumnTest.php:21
Caused by
Illuminate\View\ViewException: file_get_contents(https://maps.googleapis.com/maps/api/staticmap?key=AIzaSyAH5765IM5TQS2idptSR1RAsOvWIFrcnII&amp;center=-29.01385,-30.318765&amp;zoom=13&amp;scale=1&amp;size=200x150&amp;maptype=roadmap&amp;format=jpg&amp;visual_refresh=true&amp;markers=size:small%7Ccolor:red%7Clabel:1%7C-29.01385,-30.318765&amp;signature=KisxXgzuqQZeysMrwI2JAaSk9xk=): Failed to open stream: HTTP request failed! HTTP/1.1 403 Forbidden&#13;
 (View: /home/toothless/Github/abdelhamiderrahmouni/filament-google-maps/resources/views/columns/filament-google-maps-column.blade.php)

at vendor/laravel/framework/src/Illuminate/Foundation/Bootstrap/HandleExceptions.php:255
at src/Columns/MapColumn.php:237
at src/Columns/MapColumn.php:260
at vendor/orchestra/testbench-core/laravel/storage/framework/views/62b458e72eac5bb5e6430bba36296029.php:21
at vendor/livewire/livewire/src/Mechanisms/ExtendBlade/ExtendedCompilerEngine.php:37
at vendor/livewire/livewire/src/Mechanisms/ExtendBlade/ExtendedCompilerEngine.php:38
at vendor/laravel/framework/src/Illuminate/View/Engines/CompilerEngine.php:72
at vendor/livewire/livewire/src/Mechanisms/ExtendBlade/ExtendedCompilerEngine.php:16
at vendor/laravel/framework/src/Illuminate/View/View.php:207
at vendor/laravel/framework/src/Illuminate/View/View.php:190
at vendor/laravel/framework/src/Illuminate/View/View.php:159
at vendor/filament/support/src/Components/ViewComponent.php:106
at vendor/laravel/framework/src/Illuminate/Support/helpers.php:117
at vendor/orchestra/testbench-core/laravel/storage/framework/views/86a045602e22ec21a469bdfe0c175378.php:116
at vendor/livewire/livewire/src/Mechanisms/ExtendBlade/ExtendedCompilerEngine.php:37
at vendor/livewire/livewire/src/Mechanisms/ExtendBlade/ExtendedCompilerEngine.php:38
at vendor/laravel/framework/src/Illuminate/View/Engines/CompilerEngine.php:72
at vendor/livewire/livewire/src/Mechanisms/ExtendBlade/ExtendedCompilerEngine.php:16
at vendor/laravel/framework/src/Illuminate/View/View.php:207
at vendor/laravel/framework/src/Illuminate/View/View.php:190
at vendor/laravel/framework/src/Illuminate/View/View.php:159
at vendor/laravel/framework/src/Illuminate/View/Concerns/ManagesComponents.php:103
at vendor/orchestra/testbench-core/laravel/storage/framework/views/c12ae401be86f0020f5798e487678a9d.php:2151
at vendor/livewire/livewire/src/Mechanisms/ExtendBlade/ExtendedCompilerEngine.php:37
at vendor/livewire/livewire/src/Mechanisms/ExtendBlade/ExtendedCompilerEngine.php:38
at vendor/laravel/framework/src/Illuminate/View/Engines/CompilerEngine.php:72
at vendor/livewire/livewire/src/Mechanisms/ExtendBlade/ExtendedCompilerEngine.php:16
at vendor/laravel/framework/src/Illuminate/View/View.php:207
at vendor/laravel/framework/src/Illuminate/View/View.php:190
at vendor/laravel/framework/src/Illuminate/View/View.php:159
at vendor/filament/support/src/Components/ViewComponent.php:106
at vendor/laravel/framework/src/Illuminate/Support/helpers.php:117
at vendor/orchestra/testbench-core/laravel/storage/framework/views/7c6952b3c36420c8c27fb559933a9a27.php:1
at vendor/livewire/livewire/src/Mechanisms/ExtendBlade/ExtendedCompilerEngine.php:37
at vendor/livewire/livewire/src/Mechanisms/ExtendBlade/ExtendedCompilerEngine.php:38
at vendor/laravel/framework/src/Illuminate/View/Engines/CompilerEngine.php:72
at vendor/livewire/livewire/src/Mechanisms/ExtendBlade/ExtendedCompilerEngine.php:16
at vendor/laravel/framework/src/Illuminate/View/View.php:207
at vendor/laravel/framework/src/Illuminate/View/View.php:190
at vendor/laravel/framework/src/Illuminate/View/View.php:159
at vendor/livewire/livewire/src/Mechanisms/HandleComponents/HandleComponents.php:241
at vendor/livewire/livewire/src/Mechanisms/HandleComponents/HandleComponents.php:285
at vendor/livewire/livewire/src/Mechanisms/HandleComponents/HandleComponents.php:233
at vendor/livewire/livewire/src/Mechanisms/HandleComponents/HandleComponents.php:54
at vendor/livewire/livewire/src/LivewireManager.php:73
at vendor/orchestra/testbench-core/laravel/storage/framework/views/f24b679c3d0781269adf8f4b81037ebb.php:7
at vendor/laravel/framework/src/Illuminate/Filesystem/Filesystem.php:123
at vendor/laravel/framework/src/Illuminate/Filesystem/Filesystem.php:124
at vendor/laravel/framework/src/Illuminate/View/Engines/PhpEngine.php:58
at vendor/livewire/livewire/src/Mechanisms/ExtendBlade/ExtendedCompilerEngine.php:22
at vendor/laravel/framework/src/Illuminate/View/Engines/CompilerEngine.php:72
at vendor/livewire/livewire/src/Mechanisms/ExtendBlade/ExtendedCompilerEngine.php:10
at vendor/laravel/framework/src/Illuminate/View/View.php:207
at vendor/laravel/framework/src/Illuminate/View/View.php:190
at vendor/laravel/framework/src/Illuminate/View/View.php:159
at vendor/laravel/framework/src/Illuminate/View/Compilers/BladeCompiler.php:335
at vendor/laravel/framework/src/Illuminate/Support/Facades/Facade.php:355
at vendor/livewire/livewire/src/Features/SupportTesting/InitialRender.php:25
at vendor/laravel/framework/src/Illuminate/Routing/CallableDispatcher.php:40
at vendor/laravel/framework/src/Illuminate/Routing/Route.php:237
at vendor/laravel/framework/src/Illuminate/Routing/Route.php:208
at vendor/laravel/framework/src/Illuminate/Routing/Router.php:806
at vendor/laravel/framework/src/Illuminate/Pipeline/Pipeline.php:144
at vendor/laravel/framework/src/Illuminate/Pipeline/Pipeline.php:119
at vendor/laravel/framework/src/Illuminate/Routing/Router.php:805
at vendor/laravel/framework/src/Illuminate/Routing/Router.php:784
at vendor/laravel/framework/src/Illuminate/Routing/Router.php:748
at vendor/laravel/framework/src/Illuminate/Routing/Router.php:737
at vendor/laravel/framework/src/Illuminate/Foundation/Http/Kernel.php:200
at vendor/laravel/framework/src/Illuminate/Pipeline/Pipeline.php:144
at vendor/laravel/framework/src/Illuminate/Pipeline/Pipeline.php:119
at vendor/laravel/framework/src/Illuminate/Foundation/Http/Kernel.php:175
at vendor/laravel/framework/src/Illuminate/Foundation/Http/Kernel.php:144
at vendor/laravel/framework/src/Illuminate/Foundation/Testing/Concerns/MakesHttpRequests.php:585
at vendor/livewire/livewire/src/Features/SupportTesting/InitialRender.php:33
at vendor/livewire/livewire/src/Features/SupportTesting/RequestBroker.php:30
at vendor/livewire/livewire/src/Features/SupportTesting/InitialRender.php:32
at vendor/livewire/livewire/src/Features/SupportTesting/Render.php:24
at vendor/livewire/livewire/src/Features/SupportTesting/InitialRender.php:31
at vendor/livewire/livewire/src/Features/SupportTesting/InitialRender.php:17
at vendor/livewire/livewire/src/Features/SupportTesting/Testable.php:35
at vendor/livewire/livewire/src/LivewireManager.php:192
at vendor/laravel/framework/src/Illuminate/Support/Facades/Facade.php:355
at vendor/pestphp/pest-plugin-livewire/src/InteractsWithLivewire.php:17
at vendor/pestphp/pest-plugin-livewire/src/Autoload.php:20
at tests/src/Columns/ColumnTest.php:21
Caused by
ErrorException: file_get_contents(https://maps.googleapis.com/maps/api/staticmap?key=AIzaSyAH5765IM5TQS2idptSR1RAsOvWIFrcnII&amp;center=-29.01385,-30.318765&amp;zoom=13&amp;scale=1&amp;size=200x150&amp;maptype=roadmap&amp;format=jpg&amp;visual_refresh=true&amp;markers=size:small%7Ccolor:red%7Clabel:1%7C-29.01385,-30.318765&amp;signature=KisxXgzuqQZeysMrwI2JAaSk9xk=): Failed to open stream: HTTP request failed! HTTP/1.1 403 Forbidden&#13;


at vendor/laravel/framework/src/Illuminate/Foundation/Bootstrap/HandleExceptions.php:255
at src/Columns/MapColumn.php:237
at src/Columns/MapColumn.php:260
at vendor/orchestra/testbench-core/laravel/storage/framework/views/62b458e72eac5bb5e6430bba36296029.php:21
at vendor/livewire/livewire/src/Mechanisms/ExtendBlade/ExtendedCompilerEngine.php:37
at vendor/livewire/livewire/src/Mechanisms/ExtendBlade/ExtendedCompilerEngine.php:38
at vendor/laravel/framework/src/Illuminate/View/Engines/CompilerEngine.php:72
at vendor/livewire/livewire/src/Mechanisms/ExtendBlade/ExtendedCompilerEngine.php:16
at vendor/laravel/framework/src/Illuminate/View/View.php:207
at vendor/laravel/framework/src/Illuminate/View/View.php:190
at vendor/laravel/framework/src/Illuminate/View/View.php:159
at vendor/filament/support/src/Components/ViewComponent.php:106
at vendor/laravel/framework/src/Illuminate/Support/helpers.php:117
at vendor/orchestra/testbench-core/laravel/storage/framework/views/86a045602e22ec21a469bdfe0c175378.php:116
at vendor/livewire/livewire/src/Mechanisms/ExtendBlade/ExtendedCompilerEngine.php:37
at vendor/livewire/livewire/src/Mechanisms/ExtendBlade/ExtendedCompilerEngine.php:38
at vendor/laravel/framework/src/Illuminate/View/Engines/CompilerEngine.php:72
at vendor/livewire/livewire/src/Mechanisms/ExtendBlade/ExtendedCompilerEngine.php:16
at vendor/laravel/framework/src/Illuminate/View/View.php:207
at vendor/laravel/framework/src/Illuminate/View/View.php:190
at vendor/laravel/framework/src/Illuminate/View/View.php:159
at vendor/laravel/framework/src/Illuminate/View/Concerns/ManagesComponents.php:103
at vendor/orchestra/testbench-core/laravel/storage/framework/views/c12ae401be86f0020f5798e487678a9d.php:2151
at vendor/livewire/livewire/src/Mechanisms/ExtendBlade/ExtendedCompilerEngine.php:37
at vendor/livewire/livewire/src/Mechanisms/ExtendBlade/ExtendedCompilerEngine.php:38
at vendor/laravel/framework/src/Illuminate/View/Engines/CompilerEngine.php:72
at vendor/livewire/livewire/src/Mechanisms/ExtendBlade/ExtendedCompilerEngine.php:16
at vendor/laravel/framework/src/Illuminate/View/View.php:207
at vendor/laravel/framework/src/Illuminate/View/View.php:190
at vendor/laravel/framework/src/Illuminate/View/View.php:159
at vendor/filament/support/src/Components/ViewComponent.php:106
at vendor/laravel/framework/src/Illuminate/Support/helpers.php:117
at vendor/orchestra/testbench-core/laravel/storage/framework/views/7c6952b3c36420c8c27fb559933a9a27.php:1
at vendor/livewire/livewire/src/Mechanisms/ExtendBlade/ExtendedCompilerEngine.php:37
at vendor/livewire/livewire/src/Mechanisms/ExtendBlade/ExtendedCompilerEngine.php:38
at vendor/laravel/framework/src/Illuminate/View/Engines/CompilerEngine.php:72
at vendor/livewire/livewire/src/Mechanisms/ExtendBlade/ExtendedCompilerEngine.php:16
at vendor/laravel/framework/src/Illuminate/View/View.php:207
at vendor/laravel/framework/src/Illuminate/View/View.php:190
at vendor/laravel/framework/src/Illuminate/View/View.php:159
at vendor/livewire/livewire/src/Mechanisms/HandleComponents/HandleComponents.php:241
at vendor/livewire/livewire/src/Mechanisms/HandleComponents/HandleComponents.php:285
at vendor/livewire/livewire/src/Mechanisms/HandleComponents/HandleComponents.php:233
at vendor/livewire/livewire/src/Mechanisms/HandleComponents/HandleComponents.php:54
at vendor/livewire/livewire/src/LivewireManager.php:73
at vendor/orchestra/testbench-core/laravel/storage/framework/views/f24b679c3d0781269adf8f4b81037ebb.php:7
at vendor/laravel/framework/src/Illuminate/Filesystem/Filesystem.php:123
at vendor/laravel/framework/src/Illuminate/Filesystem/Filesystem.php:124
at vendor/laravel/framework/src/Illuminate/View/Engines/PhpEngine.php:58
at vendor/livewire/livewire/src/Mechanisms/ExtendBlade/ExtendedCompilerEngine.php:22
at vendor/laravel/framework/src/Illuminate/View/Engines/CompilerEngine.php:72
at vendor/livewire/livewire/src/Mechanisms/ExtendBlade/ExtendedCompilerEngine.php:10
at vendor/laravel/framework/src/Illuminate/View/View.php:207
at vendor/laravel/framework/src/Illuminate/View/View.php:190
at vendor/laravel/framework/src/Illuminate/View/View.php:159
at vendor/laravel/framework/src/Illuminate/View/Compilers/BladeCompiler.php:335
at vendor/laravel/framework/src/Illuminate/Support/Facades/Facade.php:355
at vendor/livewire/livewire/src/Features/SupportTesting/InitialRender.php:25
at vendor/laravel/framework/src/Illuminate/Routing/CallableDispatcher.php:40
at vendor/laravel/framework/src/Illuminate/Routing/Route.php:237
at vendor/laravel/framework/src/Illuminate/Routing/Route.php:208
at vendor/laravel/framework/src/Illuminate/Routing/Router.php:806
at vendor/laravel/framework/src/Illuminate/Pipeline/Pipeline.php:144
at vendor/laravel/framework/src/Illuminate/Pipeline/Pipeline.php:119
at vendor/laravel/framework/src/Illuminate/Routing/Router.php:805
at vendor/laravel/framework/src/Illuminate/Routing/Router.php:784
at vendor/laravel/framework/src/Illuminate/Routing/Router.php:748
at vendor/laravel/framework/src/Illuminate/Routing/Router.php:737
at vendor/laravel/framework/src/Illuminate/Foundation/Http/Kernel.php:200
at vendor/laravel/framework/src/Illuminate/Pipeline/Pipeline.php:144
at vendor/laravel/framework/src/Illuminate/Pipeline/Pipeline.php:119
at vendor/laravel/framework/src/Illuminate/Foundation/Http/Kernel.php:175
at vendor/laravel/framework/src/Illuminate/Foundation/Http/Kernel.php:144
at vendor/laravel/framework/src/Illuminate/Foundation/Testing/Concerns/MakesHttpRequests.php:585
at vendor/livewire/livewire/src/Features/SupportTesting/InitialRender.php:33
at vendor/livewire/livewire/src/Features/SupportTesting/RequestBroker.php:30
at vendor/livewire/livewire/src/Features/SupportTesting/InitialRender.php:32
at vendor/livewire/livewire/src/Features/SupportTesting/Render.php:24
at vendor/livewire/livewire/src/Features/SupportTesting/InitialRender.php:31
at vendor/livewire/livewire/src/Features/SupportTesting/InitialRender.php:17
at vendor/livewire/livewire/src/Features/SupportTesting/Testable.php:35
at vendor/livewire/livewire/src/LivewireManager.php:192
at vendor/laravel/framework/src/Illuminate/Support/Facades/Facade.php:355
at vendor/pestphp/pest-plugin-livewire/src/InteractsWithLivewire.php:17
at vendor/pestphp/pest-plugin-livewire/src/Autoload.php:20
at tests/src/Columns/ColumnTest.php:21</error>
      </testcase>
    </testsuite>
    <testsuite name="Tests\src\Columns\FilterTest" file="tests/src/Columns/FilterTest.php" tests="1" assertions="0" errors="1" failures="0" skipped="0" time="1.494565">
      <testcase name="it can filter records by radius" class="Tests\src\Columns\FilterTest" classname="Tests.src.Columns.FilterTest" file="tests/src/Columns/FilterTest.php::it can filter records by radius" line="0" assertions="0" time="1.494565">
        <error type="Error">it can filter records by radiusError: Call to a member function getLocality() on null
at vendor/nonsapiens/realaddressfactory/src/RealAddressFactory.php:163
at tests/database/factories/LocationFactory.php:37
at tests/src/Columns/FilterTest.php:16</error>
      </testcase>
    </testsuite>
    <testsuite name="Tests\src\Commands\BatchTest" file="tests/src/Commands/BatchTest.php" tests="1" assertions="0" errors="1" failures="0" skipped="0" time="1.507699">
      <testcase name="it can reverse geocode a table" class="Tests\src\Commands\BatchTest" classname="Tests.src.Commands.BatchTest" file="tests/src/Commands/BatchTest.php::it can reverse geocode a table" line="0" assertions="0" time="1.507699">
        <error type="Error">it can reverse geocode a tableError: Call to a member function getLocality() on null
at vendor/nonsapiens/realaddressfactory/src/RealAddressFactory.php:163
at tests/database/factories/LocationFactory.php:54
at tests/src/Commands/BatchTest.php:15</error>
      </testcase>
    </testsuite>
    <testsuite name="Tests\src\Commands\MakeWidget" file="tests/src/Commands/MakeWidget.php" tests="1" assertions="6" errors="0" failures="0" skipped="0" time="1.044112">
      <testcase name="it makes a widget with the artisan make-widget command" class="Tests\src\Commands\MakeWidget" classname="Tests.src.Commands.MakeWidget" file="tests/src/Commands/MakeWidget.php::it makes a widget with the artisan make-widget command" line="0" assertions="6" time="1.044112"/>
    </testsuite>
    <testsuite name="Tests\src\Commands\ModelCode" file="tests/src/Commands/ModelCode.php" tests="8" assertions="18" errors="0" failures="4" skipped="0" time="1.819147">
      <testcase name="it asks the right questions for the artisan model-code command" class="Tests\src\Commands\ModelCode" classname="Tests.src.Commands.ModelCode" file="tests/src/Commands/ModelCode.php::it asks the right questions for the artisan model-code command" line="0" assertions="5" time="1.038576"/>
      <testcase name="it outputs the appends array model-code" class="Tests\src\Commands\ModelCode" classname="Tests.src.Commands.ModelCode" file="tests/src/Commands/ModelCode.php::it outputs the appends array model-code" line="0" assertions="1" time="0.145312"/>
      <testcase name="it outputs the fillable array model-code" class="Tests\src\Commands\ModelCode" classname="Tests.src.Commands.ModelCode" file="tests/src/Commands/ModelCode.php::it outputs the fillable array model-code" line="0" assertions="1" time="0.129124"/>
      <testcase name="it outputs the guarded array model-code" class="Tests\src\Commands\ModelCode" classname="Tests.src.Commands.ModelCode" file="tests/src/Commands/ModelCode.php::it outputs the guarded array model-code" line="0" assertions="1" time="0.095186"/>
      <testcase name="it outputs the get attribute model-code" class="Tests\src\Commands\ModelCode" classname="Tests.src.Commands.ModelCode" file="tests/src/Commands/ModelCode.php::it outputs the get attribute model-code" line="0" assertions="4" time="0.140539">
        <failure type="PHPUnit\Framework\AssertionFailedError">it outputs the get attribute model-codeOutput does not contain "
    function getLocationAttribute(): array
    {
        return [
            "lat" =&gt; (float)$this-&gt;lat,
            "lng" =&gt; (float)$this-&gt;lng,
        ];
    }".
at vendor/laravel/framework/src/Illuminate/Testing/PendingCommand.php:354
at vendor/laravel/framework/src/Illuminate/Testing/PendingCommand.php:320
at vendor/laravel/framework/src/Illuminate/Testing/PendingCommand.php:484
at tests/src/Commands/ModelCode.php:101</failure>
      </testcase>
      <testcase name="it outputs the set attribute model-code" class="Tests\src\Commands\ModelCode" classname="Tests.src.Commands.ModelCode" file="tests/src/Commands/ModelCode.php::it outputs the set attribute model-code" line="0" assertions="4" time="0.130200">
        <failure type="PHPUnit\Framework\AssertionFailedError">it outputs the set attribute model-codeOutput does not contain "
    function setLocationAttribute(?array $location): void
    {
        if (is_array($location))
        {
            $this-&gt;attributes['lat'] = $location['lat'];
            $this-&gt;attributes['lng'] = $location['lng'];
            unset($this-&gt;attributes['location']);
        }
    }".
at vendor/laravel/framework/src/Illuminate/Testing/PendingCommand.php:354
at vendor/laravel/framework/src/Illuminate/Testing/PendingCommand.php:320
at vendor/laravel/framework/src/Illuminate/Testing/PendingCommand.php:484
at tests/src/Commands/ModelCode.php:133</failure>
      </testcase>
      <testcase name="it outputs the get lat lng model-code" class="Tests\src\Commands\ModelCode" classname="Tests.src.Commands.ModelCode" file="tests/src/Commands/ModelCode.php::it outputs the get lat lng model-code" line="0" assertions="1" time="0.080392"/>
      <testcase name="it outputs the get computed location model-code" class="Tests\src\Commands\ModelCode" classname="Tests.src.Commands.ModelCode" file="tests/src/Commands/ModelCode.php::it outputs the get computed location model-code" line="0" assertions="1" time="0.059820"/>
    </testsuite>
    <testsuite name="Tests\src\Fields\FieldsTest" file="tests/src/Fields/FieldsTest.php" tests="1" assertions="0" errors="1" failures="0" skipped="0" time="1.494384">
      <testcase name="it can load a record with geocodeOnLoad" class="Tests\src\Fields\FieldsTest" classname="Tests.src.Fields.FieldsTest" file="tests/src/Fields/FieldsTest.php::it can load a record with geocodeOnLoad" line="0" assertions="0" time="1.494384">
        <error type="Error">it can load a record with geocodeOnLoadError: Call to a member function getLocality() on null
at vendor/nonsapiens/realaddressfactory/src/RealAddressFactory.php:163
at tests/database/factories/LocationFactory.php:37
at tests/src/Fields/FieldsTest.php:21</error>
      </testcase>
    </testsuite>
    <testsuite name="Tests\src\Fields\FormsTest" file="tests/src/Fields/FormsTest.php" tests="4" assertions="13" errors="1" failures="0" skipped="0" time="2.696562">
      <testcase name="it can create geocomplete field as computed location attribute" class="Tests\src\Fields\FormsTest" classname="Tests.src.Fields.FormsTest" file="tests/src/Fields/FormsTest.php::it can create geocomplete field as computed location attribute" line="0" assertions="4" time="1.807564"/>
      <testcase name="it can create geocomplete field as normal field" class="Tests\src\Fields\FormsTest" classname="Tests.src.Fields.FormsTest" file="tests/src/Fields/FormsTest.php::it can create geocomplete field as normal field" line="0" assertions="4" time="0.250166"/>
      <testcase name="it can edit geocomplete field as computed location attribute without geocodeOnLoad" class="Tests\src\Fields\FormsTest" classname="Tests.src.Fields.FormsTest" file="tests/src/Fields/FormsTest.php::it can edit geocomplete field as computed location attribute without geocodeOnLoad" line="0" assertions="5" time="0.167048"/>
      <testcase name="it can edit geocomplete field as normal field" class="Tests\src\Fields\FormsTest" classname="Tests.src.Fields.FormsTest" file="tests/src/Fields/FormsTest.php::it can edit geocomplete field as normal field" line="0" assertions="0" time="0.471784">
        <error type="Error">it can edit geocomplete field as normal fieldError: Call to a member function getLocality() on null
at vendor/nonsapiens/realaddressfactory/src/RealAddressFactory.php:163
at tests/database/factories/LocationFactory.php:37
at tests/src/Fields/FormsTest.php:78</error>
      </testcase>
    </testsuite>
    <testsuite name="Tests\src\Jobs\JobTest" file="tests/src/Jobs/JobTest.php" tests="1" assertions="1" errors="0" failures="0" skipped="0" time="1.128823">
      <testcase name="it can run a geocode job" class="Tests\src\Jobs\JobTest" classname="Tests.src.Jobs.JobTest" file="tests/src/Jobs/JobTest.php::it can run a geocode job" line="0" assertions="1" time="1.128823"/>
    </testsuite>
  </testsuite>
</testsuites>
